[31m2024-04-13 18:01:31,448[0;39m [32m[INFO][0;39m com.example.backend.BackendApplication restartedMain [32mStarting BackendApplication using Java 1.8.0_292 on WPF45DE29 with PID 29564 (C:\DLTE-JavaFullStack-RakeshKumarS-2024\DLTE-FINAL-PROJECT\DLTE-PROJECT-BACKEND\target\classes started by xxshetur in C:\DLTE-JavaFullStack-RakeshKumarS-2024\DLTE-FINAL-PROJECT\DLTE-PROJECT-BACKEND)
[0;39m[31m2024-04-13 18:01:31,461[0;39m [32m[INFO][0;39m com.example.backend.BackendApplication restartedMain [32mNo active profile set, falling back to 1 default profile: "default"
[0;39m[31m2024-04-13 18:01:31,801[0;39m [32m[INFO][0;39m org.springframework.boot.devtools.restart.ChangeableUrls restartedMain [32mThe Class-Path manifest attribute in C:\Users\xxshetur\.m2\repository\com\oracle\database\security\oraclepki\21.5.0.0\oraclepki-21.5.0.0.jar referenced one or more files that do not exist: file:/C:/Users/xxshetur/.m2/repository/com/oracle/database/security/oraclepki/21.5.0.0/osdt_core.jar,file:/C:/Users/xxshetur/.m2/repository/com/oracle/database/security/oraclepki/21.5.0.0/osdt_cert.jar,file:/C:/Users/xxshetur/.m2/repository/com/oracle/database/security/oraclepki/oracle.osdt/osdt_core.jar,file:/C:/Users/xxshetur/.m2/repository/com/oracle/database/security/oraclepki/oracle.osdt/osdt_cert.jar
[0;39m[31m2024-04-13 18:01:31,801[0;39m [32m[INFO][0;39m org.springframework.boot.devtools.env.DevToolsPropertyDefaultsPostProcessor restartedMain [32mDevtools property defaults active! Set 'spring.devtools.add-properties' to 'false' to disable
[0;39m[31m2024-04-13 18:01:31,801[0;39m [32m[INFO][0;39m org.springframework.boot.devtools.env.DevToolsPropertyDefaultsPostProcessor restartedMain [32mFor additional web related logging consider setting the 'logging.level.web' property to 'DEBUG'
[0;39m[31m2024-04-13 18:01:36,985[0;39m [32m[INFO][0;39m org.springframework.data.repository.config.RepositoryConfigurationDelegate restartedMain [32mBootstrapping Spring Data JDBC repositories in DEFAULT mode.
[0;39m[31m2024-04-13 18:01:37,048[0;39m [32m[INFO][0;39m org.springframework.data.repository.config.RepositoryConfigurationDelegate restartedMain [32mFinished Spring Data repository scanning in 47 ms. Found 0 JDBC repository interfaces.
[0;39m[31m2024-04-13 18:01:37,881[0;39m [32m[INFO][0;39m org.springframework.context.support.PostProcessorRegistrationDelegate$BeanPostProcessorChecker restartedMain [32mBean 'soapServiceConfiguration' of type [com.example.backend.soap.services.SoapServiceConfiguration$$EnhancerBySpringCGLIB$$21e66048] is not eligible for getting processed by all BeanPostProcessors (for example: not eligible for auto-proxying)
[0;39m[31m2024-04-13 18:01:37,885[0;39m [32m[INFO][0;39m org.springframework.context.support.PostProcessorRegistrationDelegate$BeanPostProcessorChecker restartedMain [32mBean 'org.springframework.ws.config.annotation.DelegatingWsConfiguration' of type [org.springframework.ws.config.annotation.DelegatingWsConfiguration$$EnhancerBySpringCGLIB$$3371163e] is not eligible for getting processed by all BeanPostProcessors (for example: not eligible for auto-proxying)
[0;39m[31m2024-04-13 18:01:38,123[0;39m [32m[INFO][0;39m org.springframework.ws.soap.addressing.server.AnnotationActionEndpointMapping restartedMain [32mSupporting [WS-Addressing August 2004, WS-Addressing 1.0]
[0;39m[31m2024-04-13 18:01:39,322[0;39m [32m[INFO][0;39m org.springframework.boot.web.embedded.tomcat.TomcatWebServer restartedMain [32mTomcat initialized with port(s): 8082 (http)
[0;39m[31m2024-04-13 18:01:39,359[0;39m [32m[INFO][0;39m org.apache.catalina.core.StandardService restartedMain [32mStarting service [Tomcat]
[0;39m[31m2024-04-13 18:01:39,366[0;39m [32m[INFO][0;39m org.apache.catalina.core.StandardEngine restartedMain [32mStarting Servlet engine: [Apache Tomcat/9.0.73]
[0;39m[31m2024-04-13 18:01:39,745[0;39m [32m[INFO][0;39m org.apache.catalina.core.ContainerBase.[Tomcat].[localhost].[/] restartedMain [32mInitializing Spring embedded WebApplicationContext
[0;39m[31m2024-04-13 18:01:39,745[0;39m [32m[INFO][0;39m org.springframework.boot.web.servlet.context.ServletWebServerApplicationContext restartedMain [32mRoot WebApplicationContext: initialization completed in 7939 ms
[0;39m[31m2024-04-13 18:01:43,116[0;39m [32m[INFO][0;39m com.zaxxer.hikari.HikariDataSource restartedMain [32mHikariPool-1 - Starting...
[0;39m[31m2024-04-13 18:01:43,120[0;39m [32m[WARN][0;39m com.zaxxer.hikari.util.DriverDataSource restartedMain [32mRegistered driver with driverClassName=oracle.jdbc.driver.OracleDriver was not found, trying direct instantiation.
[0;39m[31m2024-04-13 18:01:43,447[0;39m [32m[INFO][0;39m com.zaxxer.hikari.pool.PoolBase restartedMain [32mHikariPool-1 - Driver does not support get/set network timeout for connections. (oracle.jdbc.driver.T4CConnection.getNetworkTimeout()I)
[0;39m[31m2024-04-13 18:01:43,458[0;39m [32m[INFO][0;39m com.zaxxer.hikari.HikariDataSource restartedMain [32mHikariPool-1 - Start completed.
[0;39m[31m2024-04-13 18:01:44,187[0;39m [32m[WARN][0;39m org.springframework.boot.autoconfigure.security.servlet.UserDetailsServiceAutoConfiguration restartedMain [32m

Using generated security password: cde262ac-265d-4657-94c1-9c5881ba9c7e

This generated password is for development use only. Your security configuration must be updated before running your application in production.

[0;39m[31m2024-04-13 18:01:44,640[0;39m [32m[INFO][0;39m org.springframework.security.web.DefaultSecurityFilterChain restartedMain [32mWill secure any request with [org.springframework.security.web.session.DisableEncodeUrlFilter@1db65b91, org.springframework.security.web.context.request.async.WebAsyncManagerIntegrationFilter@4b33fa83, org.springframework.security.web.context.SecurityContextPersistenceFilter@355edebb, org.springframework.security.web.header.HeaderWriterFilter@2581f64, org.springframework.security.web.csrf.CsrfFilter@5e3b5ecc, org.springframework.security.web.authentication.logout.LogoutFilter@33e5398, org.springframework.security.web.authentication.UsernamePasswordAuthenticationFilter@c83f8a9, org.springframework.security.web.authentication.ui.DefaultLoginPageGeneratingFilter@7ec46a4a, org.springframework.security.web.authentication.ui.DefaultLogoutPageGeneratingFilter@3d61cad3, org.springframework.security.web.authentication.www.BasicAuthenticationFilter@592f2ed4, org.springframework.security.web.savedrequest.RequestCacheAwareFilter@1993e00, org.springframework.security.web.servletapi.SecurityContextHolderAwareRequestFilter@4fa3a974, org.springframework.security.web.authentication.AnonymousAuthenticationFilter@25a6879a, org.springframework.security.web.session.SessionManagementFilter@558c5869, org.springframework.security.web.access.ExceptionTranslationFilter@92e3cbd, org.springframework.security.web.access.intercept.FilterSecurityInterceptor@4bd17c15]
[0;39m[31m2024-04-13 18:01:44,880[0;39m [32m[INFO][0;39m org.springframework.boot.devtools.autoconfigure.OptionalLiveReloadServer restartedMain [32mLiveReload server is running on port 35729
[0;39m[31m2024-04-13 18:01:45,018[0;39m [32m[INFO][0;39m org.springframework.boot.web.embedded.tomcat.TomcatWebServer restartedMain [32mTomcat started on port(s): 8082 (http) with context path ''
[0;39m[31m2024-04-13 18:01:45,053[0;39m [32m[INFO][0;39m com.example.backend.BackendApplication restartedMain [32mStarted BackendApplication in 15.625 seconds (JVM running for 19.26)
[0;39m[31m2024-04-13 18:02:38,626[0;39m [32m[INFO][0;39m com.example.backend.BackendApplication restartedMain [32mStarting BackendApplication using Java 1.8.0_292 on WPF45DE29 with PID 9772 (C:\DLTE-JavaFullStack-RakeshKumarS-2024\DLTE-FINAL-PROJECT\DLTE-PROJECT-BACKEND\target\classes started by xxshetur in C:\DLTE-JavaFullStack-RakeshKumarS-2024\DLTE-FINAL-PROJECT\DLTE-PROJECT-BACKEND)
[0;39m[31m2024-04-13 18:02:38,634[0;39m [32m[INFO][0;39m com.example.backend.BackendApplication restartedMain [32mNo active profile set, falling back to 1 default profile: "default"
[0;39m[31m2024-04-13 18:02:38,789[0;39m [32m[INFO][0;39m org.springframework.boot.devtools.restart.ChangeableUrls restartedMain [32mThe Class-Path manifest attribute in C:\Users\xxshetur\.m2\repository\com\oracle\database\security\oraclepki\21.5.0.0\oraclepki-21.5.0.0.jar referenced one or more files that do not exist: file:/C:/Users/xxshetur/.m2/repository/com/oracle/database/security/oraclepki/21.5.0.0/osdt_core.jar,file:/C:/Users/xxshetur/.m2/repository/com/oracle/database/security/oraclepki/21.5.0.0/osdt_cert.jar,file:/C:/Users/xxshetur/.m2/repository/com/oracle/database/security/oraclepki/oracle.osdt/osdt_core.jar,file:/C:/Users/xxshetur/.m2/repository/com/oracle/database/security/oraclepki/oracle.osdt/osdt_cert.jar
[0;39m[31m2024-04-13 18:02:38,789[0;39m [32m[INFO][0;39m org.springframework.boot.devtools.env.DevToolsPropertyDefaultsPostProcessor restartedMain [32mDevtools property defaults active! Set 'spring.devtools.add-properties' to 'false' to disable
[0;39m[31m2024-04-13 18:02:38,789[0;39m [32m[INFO][0;39m org.springframework.boot.devtools.env.DevToolsPropertyDefaultsPostProcessor restartedMain [32mFor additional web related logging consider setting the 'logging.level.web' property to 'DEBUG'
[0;39m[31m2024-04-13 18:02:41,835[0;39m [32m[INFO][0;39m org.springframework.data.repository.config.RepositoryConfigurationDelegate restartedMain [32mBootstrapping Spring Data JDBC repositories in DEFAULT mode.
[0;39m[31m2024-04-13 18:02:41,868[0;39m [32m[INFO][0;39m org.springframework.data.repository.config.RepositoryConfigurationDelegate restartedMain [32mFinished Spring Data repository scanning in 22 ms. Found 0 JDBC repository interfaces.
[0;39m[31m2024-04-13 18:02:42,451[0;39m [32m[INFO][0;39m org.springframework.context.support.PostProcessorRegistrationDelegate$BeanPostProcessorChecker restartedMain [32mBean 'soapServiceConfiguration' of type [com.example.backend.soap.services.SoapServiceConfiguration$$EnhancerBySpringCGLIB$$862b77e9] is not eligible for getting processed by all BeanPostProcessors (for example: not eligible for auto-proxying)
[0;39m[31m2024-04-13 18:02:42,451[0;39m [32m[INFO][0;39m org.springframework.context.support.PostProcessorRegistrationDelegate$BeanPostProcessorChecker restartedMain [32mBean 'org.springframework.ws.config.annotation.DelegatingWsConfiguration' of type [org.springframework.ws.config.annotation.DelegatingWsConfiguration$$EnhancerBySpringCGLIB$$97b62ddf] is not eligible for getting processed by all BeanPostProcessors (for example: not eligible for auto-proxying)
[0;39m[31m2024-04-13 18:02:42,596[0;39m [32m[INFO][0;39m org.springframework.ws.soap.addressing.server.AnnotationActionEndpointMapping restartedMain [32mSupporting [WS-Addressing August 2004, WS-Addressing 1.0]
[0;39m[31m2024-04-13 18:02:43,653[0;39m [32m[INFO][0;39m org.springframework.boot.web.embedded.tomcat.TomcatWebServer restartedMain [32mTomcat initialized with port(s): 8082 (http)
[0;39m[31m2024-04-13 18:02:43,692[0;39m [32m[INFO][0;39m org.apache.catalina.core.StandardService restartedMain [32mStarting service [Tomcat]
[0;39m[31m2024-04-13 18:02:43,705[0;39m [32m[INFO][0;39m org.apache.catalina.core.StandardEngine restartedMain [32mStarting Servlet engine: [Apache Tomcat/9.0.73]
[0;39m[31m2024-04-13 18:02:44,350[0;39m [32m[INFO][0;39m org.apache.catalina.core.ContainerBase.[Tomcat].[localhost].[/] restartedMain [32mInitializing Spring embedded WebApplicationContext
[0;39m[31m2024-04-13 18:02:44,350[0;39m [32m[INFO][0;39m org.springframework.boot.web.servlet.context.ServletWebServerApplicationContext restartedMain [32mRoot WebApplicationContext: initialization completed in 5561 ms
[0;39m[31m2024-04-13 18:02:48,223[0;39m [32m[INFO][0;39m com.zaxxer.hikari.HikariDataSource restartedMain [32mHikariPool-1 - Starting...
[0;39m[31m2024-04-13 18:02:48,223[0;39m [32m[WARN][0;39m com.zaxxer.hikari.util.DriverDataSource restartedMain [32mRegistered driver with driverClassName=oracle.jdbc.driver.OracleDriver was not found, trying direct instantiation.
[0;39m[31m2024-04-13 18:02:48,460[0;39m [32m[INFO][0;39m com.zaxxer.hikari.pool.PoolBase restartedMain [32mHikariPool-1 - Driver does not support get/set network timeout for connections. (oracle.jdbc.driver.T4CConnection.getNetworkTimeout()I)
[0;39m[31m2024-04-13 18:02:48,476[0;39m [32m[INFO][0;39m com.zaxxer.hikari.HikariDataSource restartedMain [32mHikariPool-1 - Start completed.
[0;39m[31m2024-04-13 18:02:48,869[0;39m [32m[INFO][0;39m org.springframework.boot.devtools.autoconfigure.OptionalLiveReloadServer restartedMain [32mLiveReload server is running on port 35729
[0;39m[31m2024-04-13 18:02:49,040[0;39m [32m[INFO][0;39m org.springframework.boot.web.embedded.tomcat.TomcatWebServer restartedMain [32mTomcat started on port(s): 8082 (http) with context path ''
[0;39m[31m2024-04-13 18:02:49,100[0;39m [32m[INFO][0;39m com.example.backend.BackendApplication restartedMain [32mStarted BackendApplication in 11.936 seconds (JVM running for 15.705)
[0;39m[31m2024-04-13 18:03:07,788[0;39m [32m[INFO][0;39m org.apache.catalina.core.ContainerBase.[Tomcat].[localhost].[/] http-nio-8082-exec-2 [32mInitializing Spring DispatcherServlet 'dispatcherServlet'
[0;39m[31m2024-04-13 18:03:07,788[0;39m [32m[INFO][0;39m org.springframework.web.servlet.DispatcherServlet http-nio-8082-exec-2 [32mInitializing Servlet 'dispatcherServlet'
[0;39m[31m2024-04-13 18:03:07,796[0;39m [32m[INFO][0;39m org.springframework.web.servlet.DispatcherServlet http-nio-8082-exec-2 [32mCompleted initialization in 8 ms
[0;39m[31m2024-04-13 18:03:09,297[0;39m [32m[ERROR][0;39m org.apache.catalina.core.ContainerBase.[Tomcat].[localhost].[/].[dispatcherServlet] http-nio-8082-exec-2 [32mServlet.service() for servlet [dispatcherServlet] in context with path [] threw exception [Request processing failed; nested exception is java.util.MissingResourceException: Can't find resource for bundle java.util.PropertyResourceBundle, key invalid.customer] with root cause
[0;39mjava.util.MissingResourceException: Can't find resource for bundle java.util.PropertyResourceBundle, key invalid.customer
	at java.util.ResourceBundle.getObject(ResourceBundle.java:450)
	at java.util.ResourceBundle.getString(ResourceBundle.java:407)
	at com.project.dao.services.AccountsServices.UpdateAccountService(AccountsServices.java:87)
	at com.project.dao.services.AccountsServices$$FastClassBySpringCGLIB$$6c6d37f6.invoke(<generated>)
	at org.springframework.cglib.proxy.MethodProxy.invoke(MethodProxy.java:218)
	at org.springframework.aop.framework.CglibAopProxy$CglibMethodInvocation.invokeJoinpoint(CglibAopProxy.java:793)
	at org.springframework.aop.framework.ReflectiveMethodInvocation.proceed(ReflectiveMethodInvocation.java:163)
	at org.springframework.aop.framework.CglibAopProxy$CglibMethodInvocation.proceed(CglibAopProxy.java:763)
	at org.springframework.dao.support.PersistenceExceptionTranslationInterceptor.invoke(PersistenceExceptionTranslationInterceptor.java:137)
	at org.springframework.aop.framework.ReflectiveMethodInvocation.proceed(ReflectiveMethodInvocation.java:186)
	at org.springframework.aop.framework.CglibAopProxy$CglibMethodInvocation.proceed(CglibAopProxy.java:763)
	at org.springframework.aop.framework.CglibAopProxy$DynamicAdvisedInterceptor.intercept(CglibAopProxy.java:708)
	at com.project.dao.services.AccountsServices$$EnhancerBySpringCGLIB$$90cfac39.UpdateAccountService(<generated>)
	at com.example.backend.rest.services.AccountController.closeAccountService(AccountController.java:42)
	at sun.reflect.NativeMethodAccessorImpl.invoke0(Native Method)
	at sun.reflect.NativeMethodAccessorImpl.invoke(NativeMethodAccessorImpl.java:62)
	at sun.reflect.DelegatingMethodAccessorImpl.invoke(DelegatingMethodAccessorImpl.java:43)
	at java.lang.reflect.Method.invoke(Method.java:498)
	at org.springframework.web.method.support.InvocableHandlerMethod.doInvoke(InvocableHandlerMethod.java:205)
	at org.springframework.web.method.support.InvocableHandlerMethod.invokeForRequest(InvocableHandlerMethod.java:150)
	at org.springframework.web.servlet.mvc.method.annotation.ServletInvocableHandlerMethod.invokeAndHandle(ServletInvocableHandlerMethod.java:117)
	at org.springframework.web.servlet.mvc.method.annotation.RequestMappingHandlerAdapter.invokeHandlerMethod(RequestMappingHandlerAdapter.java:895)
	at org.springframework.web.servlet.mvc.method.annotation.RequestMappingHandlerAdapter.handleInternal(RequestMappingHandlerAdapter.java:808)
	at org.springframework.web.servlet.mvc.method.AbstractHandlerMethodAdapter.handle(AbstractHandlerMethodAdapter.java:87)
	at org.springframework.web.servlet.DispatcherServlet.doDispatch(DispatcherServlet.java:1072)
	at org.springframework.web.servlet.DispatcherServlet.doService(DispatcherServlet.java:965)
	at org.springframework.web.servlet.FrameworkServlet.processRequest(FrameworkServlet.java:1006)
	at org.springframework.web.servlet.FrameworkServlet.doPut(FrameworkServlet.java:920)
	at javax.servlet.http.HttpServlet.service(HttpServlet.java:531)
	at org.springframework.web.servlet.FrameworkServlet.service(FrameworkServlet.java:883)
	at javax.servlet.http.HttpServlet.service(HttpServlet.java:596)
	at org.apache.catalina.core.ApplicationFilterChain.internalDoFilter(ApplicationFilterChain.java:209)
	at org.apache.catalina.core.ApplicationFilterChain.doFilter(ApplicationFilterChain.java:153)
	at org.apache.tomcat.websocket.server.WsFilter.doFilter(WsFilter.java:53)
	at org.apache.catalina.core.ApplicationFilterChain.internalDoFilter(ApplicationFilterChain.java:178)
	at org.apache.catalina.core.ApplicationFilterChain.doFilter(ApplicationFilterChain.java:153)
	at org.springframework.web.filter.RequestContextFilter.doFilterInternal(RequestContextFilter.java:100)
	at org.springframework.web.filter.OncePerRequestFilter.doFilter(OncePerRequestFilter.java:117)
	at org.apache.catalina.core.ApplicationFilterChain.internalDoFilter(ApplicationFilterChain.java:178)
	at org.apache.catalina.core.ApplicationFilterChain.doFilter(ApplicationFilterChain.java:153)
	at org.springframework.web.filter.FormContentFilter.doFilterInternal(FormContentFilter.java:93)
	at org.springframework.web.filter.OncePerRequestFilter.doFilter(OncePerRequestFilter.java:117)
	at org.apache.catalina.core.ApplicationFilterChain.internalDoFilter(ApplicationFilterChain.java:178)
	at org.apache.catalina.core.ApplicationFilterChain.doFilter(ApplicationFilterChain.java:153)
	at org.springframework.web.filter.CharacterEncodingFilter.doFilterInternal(CharacterEncodingFilter.java:201)
	at org.springframework.web.filter.OncePerRequestFilter.doFilter(OncePerRequestFilter.java:117)
	at org.apache.catalina.core.ApplicationFilterChain.internalDoFilter(ApplicationFilterChain.java:178)
	at org.apache.catalina.core.ApplicationFilterChain.doFilter(ApplicationFilterChain.java:153)
	at org.apache.catalina.core.StandardWrapperValve.invoke(StandardWrapperValve.java:167)
	at org.apache.catalina.core.StandardContextValve.invoke(StandardContextValve.java:90)
	at org.apache.catalina.authenticator.AuthenticatorBase.invoke(AuthenticatorBase.java:492)
	at org.apache.catalina.core.StandardHostValve.invoke(StandardHostValve.java:130)
	at org.apache.catalina.valves.ErrorReportValve.invoke(ErrorReportValve.java:93)
	at org.apache.catalina.core.StandardEngineValve.invoke(StandardEngineValve.java:74)
	at org.apache.catalina.connector.CoyoteAdapter.service(CoyoteAdapter.java:343)
	at org.apache.coyote.http11.Http11Processor.service(Http11Processor.java:389)
	at org.apache.coyote.AbstractProcessorLight.process(AbstractProcessorLight.java:63)
	at org.apache.coyote.AbstractProtocol$ConnectionHandler.process(AbstractProtocol.java:926)
	at org.apache.tomcat.util.net.NioEndpoint$SocketProcessor.doRun(NioEndpoint.java:1791)
	at org.apache.tomcat.util.net.SocketProcessorBase.run(SocketProcessorBase.java:49)
	at org.apache.tomcat.util.threads.ThreadPoolExecutor.runWorker(ThreadPoolExecutor.java:1191)
	at org.apache.tomcat.util.threads.ThreadPoolExecutor$Worker.run(ThreadPoolExecutor.java:659)
	at org.apache.tomcat.util.threads.TaskThread$WrappingRunnable.run(TaskThread.java:61)
	at java.lang.Thread.run(Thread.java:748)
[31m2024-04-13 18:04:25,989[0;39m [32m[INFO][0;39m com.example.backend.BackendApplication restartedMain [32mStarting BackendApplication using Java 1.8.0_292 on WPF45DE29 with PID 10136 (C:\DLTE-JavaFullStack-RakeshKumarS-2024\DLTE-FINAL-PROJECT\DLTE-PROJECT-BACKEND\target\classes started by xxshetur in C:\DLTE-JavaFullStack-RakeshKumarS-2024\DLTE-FINAL-PROJECT\DLTE-PROJECT-BACKEND)
[0;39m[31m2024-04-13 18:04:25,989[0;39m [32m[INFO][0;39m com.example.backend.BackendApplication restartedMain [32mNo active profile set, falling back to 1 default profile: "default"
[0;39m[31m2024-04-13 18:04:26,083[0;39m [32m[INFO][0;39m org.springframework.boot.devtools.restart.ChangeableUrls restartedMain [32mThe Class-Path manifest attribute in C:\Users\xxshetur\.m2\repository\com\oracle\database\security\oraclepki\21.5.0.0\oraclepki-21.5.0.0.jar referenced one or more files that do not exist: file:/C:/Users/xxshetur/.m2/repository/com/oracle/database/security/oraclepki/21.5.0.0/osdt_core.jar,file:/C:/Users/xxshetur/.m2/repository/com/oracle/database/security/oraclepki/21.5.0.0/osdt_cert.jar,file:/C:/Users/xxshetur/.m2/repository/com/oracle/database/security/oraclepki/oracle.osdt/osdt_core.jar,file:/C:/Users/xxshetur/.m2/repository/com/oracle/database/security/oraclepki/oracle.osdt/osdt_cert.jar
[0;39m[31m2024-04-13 18:04:26,083[0;39m [32m[INFO][0;39m org.springframework.boot.devtools.env.DevToolsPropertyDefaultsPostProcessor restartedMain [32mDevtools property defaults active! Set 'spring.devtools.add-properties' to 'false' to disable
[0;39m[31m2024-04-13 18:04:26,099[0;39m [32m[INFO][0;39m org.springframework.boot.devtools.env.DevToolsPropertyDefaultsPostProcessor restartedMain [32mFor additional web related logging consider setting the 'logging.level.web' property to 'DEBUG'
[0;39m[31m2024-04-13 18:04:27,325[0;39m [32m[INFO][0;39m org.springframework.data.repository.config.RepositoryConfigurationDelegate restartedMain [32mBootstrapping Spring Data JDBC repositories in DEFAULT mode.
[0;39m[31m2024-04-13 18:04:27,357[0;39m [32m[INFO][0;39m org.springframework.data.repository.config.RepositoryConfigurationDelegate restartedMain [32mFinished Spring Data repository scanning in 21 ms. Found 0 JDBC repository interfaces.
[0;39m[31m2024-04-13 18:04:27,750[0;39m [32m[INFO][0;39m org.springframework.context.support.PostProcessorRegistrationDelegate$BeanPostProcessorChecker restartedMain [32mBean 'soapServiceConfiguration' of type [com.example.backend.soap.services.SoapServiceConfiguration$$EnhancerBySpringCGLIB$$4e3d59f6] is not eligible for getting processed by all BeanPostProcessors (for example: not eligible for auto-proxying)
[0;39m[31m2024-04-13 18:04:27,750[0;39m [32m[INFO][0;39m org.springframework.context.support.PostProcessorRegistrationDelegate$BeanPostProcessorChecker restartedMain [32mBean 'org.springframework.ws.config.annotation.DelegatingWsConfiguration' of type [org.springframework.ws.config.annotation.DelegatingWsConfiguration$$EnhancerBySpringCGLIB$$5fc80fec] is not eligible for getting processed by all BeanPostProcessors (for example: not eligible for auto-proxying)
[0;39m[31m2024-04-13 18:04:27,797[0;39m [32m[INFO][0;39m org.springframework.ws.soap.addressing.server.AnnotationActionEndpointMapping restartedMain [32mSupporting [WS-Addressing August 2004, WS-Addressing 1.0]
[0;39m[31m2024-04-13 18:04:28,180[0;39m [32m[INFO][0;39m org.springframework.boot.web.embedded.tomcat.TomcatWebServer restartedMain [32mTomcat initialized with port(s): 8082 (http)
[0;39m[31m2024-04-13 18:04:28,191[0;39m [32m[INFO][0;39m org.apache.catalina.core.StandardService restartedMain [32mStarting service [Tomcat]
[0;39m[31m2024-04-13 18:04:28,191[0;39m [32m[INFO][0;39m org.apache.catalina.core.StandardEngine restartedMain [32mStarting Servlet engine: [Apache Tomcat/9.0.73]
[0;39m[31m2024-04-13 18:04:28,379[0;39m [32m[INFO][0;39m org.apache.catalina.core.ContainerBase.[Tomcat].[localhost].[/] restartedMain [32mInitializing Spring embedded WebApplicationContext
[0;39m[31m2024-04-13 18:04:28,379[0;39m [32m[INFO][0;39m org.springframework.boot.web.servlet.context.ServletWebServerApplicationContext restartedMain [32mRoot WebApplicationContext: initialization completed in 2280 ms
[0;39m[31m2024-04-13 18:04:29,813[0;39m [32m[INFO][0;39m com.zaxxer.hikari.HikariDataSource restartedMain [32mHikariPool-1 - Starting...
[0;39m[31m2024-04-13 18:04:29,813[0;39m [32m[WARN][0;39m com.zaxxer.hikari.util.DriverDataSource restartedMain [32mRegistered driver with driverClassName=oracle.jdbc.driver.OracleDriver was not found, trying direct instantiation.
[0;39m[31m2024-04-13 18:04:29,938[0;39m [32m[INFO][0;39m com.zaxxer.hikari.pool.PoolBase restartedMain [32mHikariPool-1 - Driver does not support get/set network timeout for connections. (oracle.jdbc.driver.T4CConnection.getNetworkTimeout()I)
[0;39m[31m2024-04-13 18:04:29,938[0;39m [32m[INFO][0;39m com.zaxxer.hikari.HikariDataSource restartedMain [32mHikariPool-1 - Start completed.
[0;39m[31m2024-04-13 18:04:30,083[0;39m [32m[INFO][0;39m org.springframework.boot.devtools.autoconfigure.OptionalLiveReloadServer restartedMain [32mLiveReload server is running on port 35729
[0;39m[31m2024-04-13 18:04:30,142[0;39m [32m[INFO][0;39m org.springframework.boot.web.embedded.tomcat.TomcatWebServer restartedMain [32mTomcat started on port(s): 8082 (http) with context path ''
[0;39m[31m2024-04-13 18:04:30,158[0;39m [32m[INFO][0;39m com.example.backend.BackendApplication restartedMain [32mStarted BackendApplication in 4.742 seconds (JVM running for 6.16)
[0;39m[31m2024-04-13 18:04:56,198[0;39m [32m[INFO][0;39m org.apache.catalina.core.ContainerBase.[Tomcat].[localhost].[/] http-nio-8082-exec-2 [32mInitializing Spring DispatcherServlet 'dispatcherServlet'
[0;39m[31m2024-04-13 18:04:56,213[0;39m [32m[INFO][0;39m org.springframework.web.servlet.DispatcherServlet http-nio-8082-exec-2 [32mInitializing Servlet 'dispatcherServlet'
[0;39m[31m2024-04-13 18:04:56,215[0;39m [32m[INFO][0;39m org.springframework.web.servlet.DispatcherServlet http-nio-8082-exec-2 [32mCompleted initialization in 0 ms
[0;39m[31m2024-04-13 18:05:05,934[0;39m [32m[INFO][0;39m com.project.dao.services.AccountsServices http-nio-8082-exec-5 [32mCustomer is not active. Cannot close account.
[0;39m[31m2024-04-13 18:10:19,240[0;39m [32m[WARN][0;39m org.springframework.web.servlet.mvc.method.annotation.ExceptionHandlerExceptionResolver http-nio-8082-exec-9 [32mResolved [org.springframework.web.bind.MethodArgumentNotValidException: Validation failed for argument [0] in public org.springframework.http.ResponseEntity<java.lang.Object> com.example.backend.rest.services.AccountController.closeAccountService(com.project.dao.entities.Accounts): [Field error in object 'accounts' on field 'accountNumber': rejected value [32323232323]; codes [Range.accounts.accountNumber,Range.accountNumber,Range.java.lang.Long,Range]; arguments [org.springframework.context.support.DefaultMessageSourceResolvable: codes [accounts.accountNumber,accountNumber]; arguments []; default message [accountNumber],999999999999,100000000000]; default message [Account number should be 12 digits]] ]
[0;39m[31m2024-04-13 18:14:08,052[0;39m [32m[INFO][0;39m com.project.dao.services.AccountsServices http-nio-8082-exec-4 [32mNo active accounts found for customer with ID
[0;39m[31m2024-04-13 18:14:45,583[0;39m [32m[WARN][0;39m org.springframework.web.servlet.mvc.support.DefaultHandlerExceptionResolver http-nio-8082-exec-3 [32mResolved [org.springframework.http.converter.HttpMessageNotReadableException: JSON parse error: Unexpected character (',' (code 44)): expected a value; nested exception is com.fasterxml.jackson.core.JsonParseException: Unexpected character (',' (code 44)): expected a value<EOL> at [Source: (org.springframework.util.StreamUtils$NonClosingInputStream); line: 2, column: 19]]
[0;39m[31m2024-04-13 18:14:58,211[0;39m [32m[WARN][0;39m org.springframework.web.servlet.mvc.method.annotation.ExceptionHandlerExceptionResolver http-nio-8082-exec-10 [32mResolved [org.springframework.web.bind.MethodArgumentNotValidException: Validation failed for argument [0] in public org.springframework.http.ResponseEntity<java.lang.Object> com.example.backend.rest.services.AccountController.closeAccountService(com.project.dao.entities.Accounts): [Field error in object 'accounts' on field 'accountId': rejected value [null]; codes [NotNull.accounts.accountId,NotNull.accountId,NotNull.java.lang.Long,NotNull]; arguments [org.springframework.context.support.DefaultMessageSourceResolvable: codes [accounts.accountId,accountId]; arguments []; default message [accountId]]; default message [Account id shouldn't be null]] ]
[0;39m[31m2024-04-13 18:15:35,265[0;39m [32m[WARN][0;39m org.springframework.web.servlet.mvc.method.annotation.ExceptionHandlerExceptionResolver http-nio-8082-exec-2 [32mResolved [org.springframework.web.bind.MethodArgumentNotValidException: Validation failed for argument [0] in public org.springframework.http.ResponseEntity<java.lang.Object> com.example.backend.rest.services.AccountController.closeAccountService(com.project.dao.entities.Accounts) with 2 errors: [Field error in object 'accounts' on field 'accountNumber': rejected value [12121212121222]; codes [Range.accounts.accountNumber,Range.accountNumber,Range.java.lang.Long,Range]; arguments [org.springframework.context.support.DefaultMessageSourceResolvable: codes [accounts.accountNumber,accountNumber]; arguments []; default message [accountNumber],999999999999,100000000000]; default message [Account number should be 12 digits]] [Field error in object 'accounts' on field 'accountNumber': rejected value [12121212121222]; codes [Digits.accounts.accountNumber,Digits.accountNumber,Digits.java.lang.Long,Digits]; arguments [org.springframework.context.support.DefaultMessageSourceResolvable: codes [accounts.accountNumber,accountNumber]; arguments []; default message [accountNumber],0,12]; default message [Account number should be 12 digits]] ]
[0;39m[31m2024-04-13 18:15:58,467[0;39m [32m[WARN][0;39m org.springframework.web.servlet.mvc.method.annotation.ExceptionHandlerExceptionResolver http-nio-8082-exec-6 [32mResolved [org.springframework.web.bind.MethodArgumentNotValidException: Validation failed for argument [0] in public org.springframework.http.ResponseEntity<java.lang.Object> com.example.backend.rest.services.AccountController.closeAccountService(com.project.dao.entities.Accounts): [Field error in object 'accounts' on field 'accountStatus': rejected value [Inactiv]; codes [Pattern.accounts.accountStatus,Pattern.accountStatus,Pattern.java.lang.String,Pattern]; arguments [org.springframework.context.support.DefaultMessageSourceResolvable: codes [accounts.accountStatus,accountStatus]; arguments []; default message [accountStatus],[Ljavax.validation.constraints.Pattern$Flag;@279717b5,^(?i)(active|inactive)$]; default message [Account status can be active or inactive]] ]
[0;39m[31m2024-04-13 18:16:24,578[0;39m [32m[INFO][0;39m com.project.dao.services.AccountsServices http-nio-8082-exec-2 [32mNo active accounts found for customer with ID
[0;39m[31m2024-04-13 18:40:53,340[0;39m [32m[WARN][0;39m com.zaxxer.hikari.pool.HikariPool HikariPool-1 housekeeper [32mHikariPool-1 - Thread starvation or clock leap detected (housekeeper delta=13m22s782ms316µs400ns).
[0;39m[31m2024-04-13 18:40:55,476[0;39m [32m[INFO][0;39m com.project.dao.services.AccountsServices http-nio-8082-exec-8 [32mNo active accounts found for customer with ID
[0;39m[31m2024-04-13 19:04:17,587[0;39m [32m[INFO][0;39m com.example.backend.BackendApplication restartedMain [32mStarting BackendApplication using Java 1.8.0_292 on WPF45DE29 with PID 15212 (C:\DLTE-JavaFullStack-RakeshKumarS-2024\DLTE-FINAL-PROJECT\DLTE-PROJECT-BACKEND\target\classes started by xxshetur in C:\DLTE-JavaFullStack-RakeshKumarS-2024\DLTE-FINAL-PROJECT\DLTE-PROJECT-BACKEND)
[0;39m[31m2024-04-13 19:04:17,587[0;39m [32m[INFO][0;39m com.example.backend.BackendApplication restartedMain [32mNo active profile set, falling back to 1 default profile: "default"
[0;39m[31m2024-04-13 19:04:17,668[0;39m [32m[INFO][0;39m org.springframework.boot.devtools.restart.ChangeableUrls restartedMain [32mThe Class-Path manifest attribute in C:\Users\xxshetur\.m2\repository\com\oracle\database\security\oraclepki\21.5.0.0\oraclepki-21.5.0.0.jar referenced one or more files that do not exist: file:/C:/Users/xxshetur/.m2/repository/com/oracle/database/security/oraclepki/21.5.0.0/osdt_core.jar,file:/C:/Users/xxshetur/.m2/repository/com/oracle/database/security/oraclepki/21.5.0.0/osdt_cert.jar,file:/C:/Users/xxshetur/.m2/repository/com/oracle/database/security/oraclepki/oracle.osdt/osdt_core.jar,file:/C:/Users/xxshetur/.m2/repository/com/oracle/database/security/oraclepki/oracle.osdt/osdt_cert.jar
[0;39m[31m2024-04-13 19:04:17,668[0;39m [32m[INFO][0;39m org.springframework.boot.devtools.env.DevToolsPropertyDefaultsPostProcessor restartedMain [32mDevtools property defaults active! Set 'spring.devtools.add-properties' to 'false' to disable
[0;39m[31m2024-04-13 19:04:17,668[0;39m [32m[INFO][0;39m org.springframework.boot.devtools.env.DevToolsPropertyDefaultsPostProcessor restartedMain [32mFor additional web related logging consider setting the 'logging.level.web' property to 'DEBUG'
[0;39m[31m2024-04-13 19:04:18,993[0;39m [32m[INFO][0;39m org.springframework.data.repository.config.RepositoryConfigurationDelegate restartedMain [32mBootstrapping Spring Data JDBC repositories in DEFAULT mode.
[0;39m[31m2024-04-13 19:04:19,016[0;39m [32m[INFO][0;39m org.springframework.data.repository.config.RepositoryConfigurationDelegate restartedMain [32mFinished Spring Data repository scanning in 9 ms. Found 0 JDBC repository interfaces.
[0;39m[31m2024-04-13 19:04:19,198[0;39m [32m[INFO][0;39m org.springframework.context.support.PostProcessorRegistrationDelegate$BeanPostProcessorChecker restartedMain [32mBean 'soapServiceConfiguration' of type [com.example.backend.soap.services.SoapServiceConfiguration$$EnhancerBySpringCGLIB$$8bacd8d1] is not eligible for getting processed by all BeanPostProcessors (for example: not eligible for auto-proxying)
[0;39m[31m2024-04-13 19:04:19,198[0;39m [32m[INFO][0;39m org.springframework.context.support.PostProcessorRegistrationDelegate$BeanPostProcessorChecker restartedMain [32mBean 'org.springframework.ws.config.annotation.DelegatingWsConfiguration' of type [org.springframework.ws.config.annotation.DelegatingWsConfiguration$$EnhancerBySpringCGLIB$$9d378ec7] is not eligible for getting processed by all BeanPostProcessors (for example: not eligible for auto-proxying)
[0;39m[31m2024-04-13 19:04:19,260[0;39m [32m[INFO][0;39m org.springframework.ws.soap.addressing.server.AnnotationActionEndpointMapping restartedMain [32mSupporting [WS-Addressing August 2004, WS-Addressing 1.0]
[0;39m[31m2024-04-13 19:04:19,637[0;39m [32m[INFO][0;39m org.springframework.boot.web.embedded.tomcat.TomcatWebServer restartedMain [32mTomcat initialized with port(s): 8082 (http)
[0;39m[31m2024-04-13 19:04:19,637[0;39m [32m[INFO][0;39m org.apache.catalina.core.StandardService restartedMain [32mStarting service [Tomcat]
[0;39m[31m2024-04-13 19:04:19,637[0;39m [32m[INFO][0;39m org.apache.catalina.core.StandardEngine restartedMain [32mStarting Servlet engine: [Apache Tomcat/9.0.73]
[0;39m[31m2024-04-13 19:04:19,770[0;39m [32m[INFO][0;39m org.apache.catalina.core.ContainerBase.[Tomcat].[localhost].[/] restartedMain [32mInitializing Spring embedded WebApplicationContext
[0;39m[31m2024-04-13 19:04:19,770[0;39m [32m[INFO][0;39m org.springframework.boot.web.servlet.context.ServletWebServerApplicationContext restartedMain [32mRoot WebApplicationContext: initialization completed in 2102 ms
[0;39m[31m2024-04-13 19:04:21,134[0;39m [32m[INFO][0;39m com.zaxxer.hikari.HikariDataSource restartedMain [32mHikariPool-1 - Starting...
[0;39m[31m2024-04-13 19:04:21,134[0;39m [32m[WARN][0;39m com.zaxxer.hikari.util.DriverDataSource restartedMain [32mRegistered driver with driverClassName=oracle.jdbc.driver.OracleDriver was not found, trying direct instantiation.
[0;39m[31m2024-04-13 19:04:21,244[0;39m [32m[INFO][0;39m com.zaxxer.hikari.pool.PoolBase restartedMain [32mHikariPool-1 - Driver does not support get/set network timeout for connections. (oracle.jdbc.driver.T4CConnection.getNetworkTimeout()I)
[0;39m[31m2024-04-13 19:04:21,259[0;39m [32m[INFO][0;39m com.zaxxer.hikari.HikariDataSource restartedMain [32mHikariPool-1 - Start completed.
[0;39m[31m2024-04-13 19:04:21,373[0;39m [32m[INFO][0;39m org.springframework.boot.devtools.autoconfigure.OptionalLiveReloadServer restartedMain [32mLiveReload server is running on port 35729
[0;39m[31m2024-04-13 19:04:21,417[0;39m [32m[INFO][0;39m org.springframework.boot.web.embedded.tomcat.TomcatWebServer restartedMain [32mTomcat started on port(s): 8082 (http) with context path ''
[0;39m[31m2024-04-13 19:04:21,433[0;39m [32m[INFO][0;39m com.example.backend.BackendApplication restartedMain [32mStarted BackendApplication in 4.455 seconds (JVM running for 6.037)
[0;39m[31m2024-04-13 19:06:37,388[0;39m [32m[INFO][0;39m org.apache.catalina.core.ContainerBase.[Tomcat].[localhost].[/] http-nio-8082-exec-1 [32mInitializing Spring MessageDispatcherServlet 'messageDispatcherServlet'
[0;39m[31m2024-04-13 19:06:37,390[0;39m [32m[INFO][0;39m org.springframework.ws.transport.http.MessageDispatcherServlet http-nio-8082-exec-1 [32mInitializing Servlet 'messageDispatcherServlet'
[0;39m[31m2024-04-13 19:06:37,403[0;39m [32m[INFO][0;39m org.springframework.ws.soap.saaj.SaajSoapMessageFactory http-nio-8082-exec-1 [32mCreating SAAJ 1.3 MessageFactory with SOAP 1.1 Protocol
[0;39m[31m2024-04-13 19:06:37,446[0;39m [32m[INFO][0;39m org.springframework.ws.transport.http.MessageDispatcherServlet http-nio-8082-exec-1 [32mCompleted initialization in 55 ms
[0;39m[31m2024-04-13 19:07:00,226[0;39m [32m[INFO][0;39m com.project.dao.services.AccountsServices http-nio-8082-exec-3 [32mNo active accounts found for customer with ID
[0;39m[31m2024-04-13 19:07:00,242[0;39m [32m[WARN][0;39m com.example.backend.soap.services.SoapPhase http-nio-8082-exec-3 [32mfailure.fetch
[0;39m[31m2024-04-13 19:07:10,492[0;39m [32m[INFO][0;39m com.project.dao.services.AccountsServices http-nio-8082-exec-2 [32mNo active accounts found for customer with ID
[0;39m[31m2024-04-13 19:07:10,493[0;39m [32m[WARN][0;39m com.example.backend.soap.services.SoapPhase http-nio-8082-exec-2 [32mfailure.fetch
[0;39m[31m2024-04-13 19:07:17,170[0;39m [32m[INFO][0;39m com.project.dao.services.AccountsServices http-nio-8082-exec-7 [32mCustomer Id not found
[0;39m[31m2024-04-13 19:07:17,171[0;39m [32m[WARN][0;39m com.example.backend.soap.services.SoapPhase http-nio-8082-exec-7 [32mfailure.fetch
[0;39m[31m2024-04-13 19:07:25,393[0;39m [32m[INFO][0;39m com.project.dao.services.AccountsServices http-nio-8082-exec-5 [32mCustomer Id not found
[0;39m[31m2024-04-13 19:07:25,395[0;39m [32m[WARN][0;39m com.example.backend.soap.services.SoapPhase http-nio-8082-exec-5 [32mfailure.fetch
[0;39m[31m2024-04-13 19:07:47,105[0;39m [32m[INFO][0;39m com.project.dao.services.AccountsServices http-nio-8082-exec-9 [32mNo active accounts found for customer with ID
[0;39m[31m2024-04-13 19:07:47,107[0;39m [32m[WARN][0;39m com.example.backend.soap.services.SoapPhase http-nio-8082-exec-9 [32mfailure.fetch
[0;39m[31m2024-04-13 19:07:53,255[0;39m [32m[INFO][0;39m com.example.backend.soap.services.SoapPhase http-nio-8082-exec-4 [32msuccess.fetch
[0;39m[31m2024-04-13 19:14:48,489[0;39m [32m[INFO][0;39m org.apache.catalina.core.ContainerBase.[Tomcat].[localhost].[/] http-nio-8082-exec-8 [32mInitializing Spring DispatcherServlet 'dispatcherServlet'
[0;39m[31m2024-04-13 19:14:48,489[0;39m [32m[INFO][0;39m org.springframework.web.servlet.DispatcherServlet http-nio-8082-exec-8 [32mInitializing Servlet 'dispatcherServlet'
[0;39m[31m2024-04-13 19:14:48,500[0;39m [32m[INFO][0;39m org.springframework.web.servlet.DispatcherServlet http-nio-8082-exec-8 [32mCompleted initialization in 8 ms
[0;39m[31m2024-04-13 20:08:17,012[0;39m [32m[WARN][0;39m com.zaxxer.hikari.pool.HikariPool HikariPool-1 housekeeper [32mHikariPool-1 - Thread starvation or clock leap detected (housekeeper delta=31m25s143ms708µs200ns).
[0;39m