21:13:55.806 [34m[main][0;39m INFO  App.class - [34mEnter data to employee list[0;39m 
21:15:08.904 [34m[main][0;39m INFO  App.class - [34mData to be added to array list[0;39m 
21:15:15.823 [1;31m[main][0;39m ERROR App.class - [1;31mEmployee with employee ID 1does not exist[0;39m 
22:10:15.183 [34m[main][0;39m INFO  App.class - [34mDisplaying all details[0;39m 
22:10:24.337 [1;31m[main][0;39m ERROR App.class - [1;31mEmployee with employee ID 1does not exist[0;39m 
22:10:30.035 [34m[main][0;39m INFO  App.class - [34mDisplay required details based on Temporary pincode[0;39m 
22:10:34.868 [34m[main][0;39m INFO  App.class - [34mDisplaying details based on Temporary Pincode:574103[0;39m 
22:10:50.537 [34m[main][0;39m INFO  App.class - [34mEnter data to employee list[0;39m 
09:22:37.160 [34m[main][0;39m INFO  App.class - [34mDisplaying all details[0;39m 
09:52:45.982 [34m[main][0;39m INFO  App.class - [34mDisplaying all details[0;39m 
09:53:35.670 [34m[main][0;39m INFO  App.class - [34mDisplaying all details[0;39m 
12:02:58.720 [34m[main][0;39m INFO  App.class - [34mDisplaying the info of particular ID:1[0;39m 
12:02:58.748 [34m[main][0;39m INFO  App.class - [34mDisplaying details of Employee with Employee ID:1[0;39m 
12:03:20.488 [34m[main][0;39m INFO  App.class - [34mDisplaying all details[0;39m 
12:10:04.420 [34m[main][0;39m INFO  App.class - [34mDisplaying the info of particular ID:1[0;39m 
12:10:04.467 [34m[main][0;39m INFO  App.class - [34mDisplaying details of Employee with Employee ID:1[0;39m 
12:10:11.486 [1;31m[main][0;39m ERROR App.class - [1;31mEmployee with employee ID 2does not exist[0;39m 
12:19:08.974 [34m[main][0;39m INFO  App.class - [34mEnter data to employee list[0;39m 
12:20:11.722 [34m[main][0;39m INFO  App.class - [34mEnter data to employee list[0;39m 
12:20:19.217 [34m[main][0;39m INFO  App.class - [34mEnter data to employee list[0;39m 
12:20:48.714 [34m[main][0;39m INFO  App.class - [34mEnter data to employee list[0;39m 
12:34:08.273 [34m[main][0;39m INFO  App.class - [34mEnter data to employee list[0;39m 
12:34:11.373 [34m[main][0;39m INFO  App.class - [34mEnter data to employee list[0;39m 
12:34:24.731 [34m[main][0;39m INFO  App.class - [34mEnter data to employee list[0;39m 
13:10:20.142 [34m[main][0;39m INFO  App.class - [34mDisplay required details based on Temporary pincode[0;39m 
13:10:24.900 [34m[main][0;39m INFO  App.class - [34mDisplaying details based on Temporary Pincode:574103[0;39m 
13:10:40.521 [1;31m[main][0;39m ERROR App.class - [1;31mEmployee with employee ID 1does not exist[0;39m 
13:10:46.991 [1;31m[main][0;39m ERROR App.class - [1;31mEmployee with employee ID 1does not exist[0;39m 
13:10:49.676 [1;31m[main][0;39m ERROR App.class - [1;31mEmployee with employee ID 2does not exist[0;39m 
13:10:53.041 [34m[main][0;39m INFO  App.class - [34mDisplaying all details[0;39m 
13:19:33.204 [34m[main][0;39m INFO  App.class - [34mDisplaying all details[0;39m 
13:19:39.577 [34m[main][0;39m INFO  App.class - [34mDisplay required details based on Temporary pincode[0;39m 
13:19:44.146 [34m[main][0;39m INFO  App.class - [34mDisplaying details based on Temporary Pincode:574103[0;39m 
