2024-04-21 19:42:33 [restartedMain] INFO  p.webservice.demo.DemoApplication - Starting DemoApplication using Java 1.8.0_292 on WPF45M1V0 with PID 20148 (C:\DLTE-JAVA-FULL-STACK-SINCHANAVENUGOPAL-2024\MyBank_Project\Webservices\target\classes started by xxvenugs in C:\DLTE-JAVA-FULL-STACK-SINCHANAVENUGOPAL-2024\MyBank_Project\Webservices)
2024-04-21 19:42:33 [restartedMain] INFO  p.webservice.demo.DemoApplication - No active profile set, falling back to 1 default profile: "default"
2024-04-21 19:42:33 [restartedMain] INFO  o.s.b.d.restart.ChangeableUrls - The Class-Path manifest attribute in C:\Users\xxvenugs\.m2\repository\com\oracle\database\security\oraclepki\21.5.0.0\oraclepki-21.5.0.0.jar referenced one or more files that do not exist: file:/C:/Users/xxvenugs/.m2/repository/com/oracle/database/security/oraclepki/21.5.0.0/osdt_core.jar,file:/C:/Users/xxvenugs/.m2/repository/com/oracle/database/security/oraclepki/21.5.0.0/osdt_cert.jar,file:/C:/Users/xxvenugs/.m2/repository/com/oracle/database/security/oraclepki/oracle.osdt/osdt_core.jar,file:/C:/Users/xxvenugs/.m2/repository/com/oracle/database/security/oraclepki/oracle.osdt/osdt_cert.jar
2024-04-21 19:42:33 [restartedMain] INFO  o.s.b.d.e.DevToolsPropertyDefaultsPostProcessor - Devtools property defaults active! Set 'spring.devtools.add-properties' to 'false' to disable
2024-04-21 19:42:33 [restartedMain] INFO  o.s.b.d.e.DevToolsPropertyDefaultsPostProcessor - For additional web related logging consider setting the 'logging.level.web' property to 'DEBUG'
2024-04-21 19:42:34 [restartedMain] INFO  o.s.d.r.c.RepositoryConfigurationDelegate - Bootstrapping Spring Data JDBC repositories in DEFAULT mode.
2024-04-21 19:42:34 [restartedMain] INFO  o.s.d.r.c.RepositoryConfigurationDelegate - Finished Spring Data repository scanning in 13 ms. Found 0 JDBC repository interfaces.
2024-04-21 19:42:35 [restartedMain] INFO  o.s.c.s.PostProcessorRegistrationDelegate$BeanPostProcessorChecker - Bean 'soapServiceConfiguration' of type [project.webservice.demo.configs.SoapServiceConfiguration$$EnhancerBySpringCGLIB$$6283bf4d] is not eligible for getting processed by all BeanPostProcessors (for example: not eligible for auto-proxying)
2024-04-21 19:42:35 [restartedMain] INFO  o.s.c.s.PostProcessorRegistrationDelegate$BeanPostProcessorChecker - Bean 'org.springframework.ws.config.annotation.DelegatingWsConfiguration' of type [org.springframework.ws.config.annotation.DelegatingWsConfiguration$$EnhancerBySpringCGLIB$$16dce56b] is not eligible for getting processed by all BeanPostProcessors (for example: not eligible for auto-proxying)
2024-04-21 19:42:35 [restartedMain] INFO  o.s.w.s.a.s.AnnotationActionEndpointMapping - Supporting [WS-Addressing August 2004, WS-Addressing 1.0]
2024-04-21 19:42:35 [restartedMain] INFO  o.s.b.w.e.tomcat.TomcatWebServer - Tomcat initialized with port(s): 8082 (http)
2024-04-21 19:42:35 [restartedMain] INFO  o.a.catalina.core.StandardService - Starting service [Tomcat]
2024-04-21 19:42:35 [restartedMain] INFO  o.a.catalina.core.StandardEngine - Starting Servlet engine: [Apache Tomcat/9.0.73]
2024-04-21 19:42:36 [restartedMain] INFO  o.a.c.c.C.[Tomcat].[localhost].[/] - Initializing Spring embedded WebApplicationContext
2024-04-21 19:42:36 [restartedMain] INFO  o.s.b.w.s.c.ServletWebServerApplicationContext - Root WebApplicationContext: initialization completed in 2506 ms
2024-04-21 19:42:36 [restartedMain] INFO  o.s.s.web.DefaultSecurityFilterChain - Will secure any request with [org.springframework.security.web.session.DisableEncodeUrlFilter@1cf311d2, org.springframework.security.web.context.request.async.WebAsyncManagerIntegrationFilter@4330105e, org.springframework.security.web.context.SecurityContextPersistenceFilter@27ee8350, org.springframework.security.web.header.HeaderWriterFilter@6701c31b, org.springframework.web.filter.CorsFilter@18f3a7fc, org.springframework.security.web.authentication.logout.LogoutFilter@62cabbb4, org.springframework.security.web.authentication.UsernamePasswordAuthenticationFilter@53146b73, org.springframework.security.web.authentication.ui.DefaultLoginPageGeneratingFilter@35671921, org.springframework.security.web.authentication.ui.DefaultLogoutPageGeneratingFilter@7210eca5, org.springframework.security.web.authentication.www.BasicAuthenticationFilter@5a4e9a5e, org.springframework.security.web.savedrequest.RequestCacheAwareFilter@6c5f2d1e, org.springframework.security.web.servletapi.SecurityContextHolderAwareRequestFilter@5180782, org.springframework.security.web.authentication.AnonymousAuthenticationFilter@76691eb4, org.springframework.security.web.session.SessionManagementFilter@6109835d, org.springframework.security.web.access.ExceptionTranslationFilter@5331d5e6, org.springframework.security.web.access.intercept.FilterSecurityInterceptor@695dd79e]
2024-04-21 19:42:37 [restartedMain] INFO  com.zaxxer.hikari.HikariDataSource - HikariPool-1 - Starting...
2024-04-21 19:42:37 [restartedMain] WARN  c.z.hikari.util.DriverDataSource - Registered driver with driverClassName=oracle.jdbc.driver.OracleDriver was not found, trying direct instantiation.
2024-04-21 19:42:38 [restartedMain] INFO  com.zaxxer.hikari.pool.PoolBase - HikariPool-1 - Driver does not support get/set network timeout for connections. (oracle.jdbc.driver.T4CConnection.getNetworkTimeout()I)
2024-04-21 19:42:38 [restartedMain] INFO  com.zaxxer.hikari.HikariDataSource - HikariPool-1 - Start completed.
2024-04-21 19:42:38 [restartedMain] INFO  o.s.b.d.a.OptionalLiveReloadServer - LiveReload server is running on port 35729
2024-04-21 19:42:38 [restartedMain] INFO  o.s.b.w.e.tomcat.TomcatWebServer - Tomcat started on port(s): 8082 (http) with context path ''
2024-04-21 19:42:38 [restartedMain] INFO  p.webservice.demo.DemoApplication - Started DemoApplication in 5.821 seconds (JVM running for 7.502)
2024-04-21 19:44:12 [http-nio-8082-exec-1] INFO  o.a.c.c.C.[Tomcat].[localhost].[/] - Initializing Spring MessageDispatcherServlet 'messageDispatcherServlet'
2024-04-21 19:44:12 [http-nio-8082-exec-1] INFO  o.s.w.t.h.MessageDispatcherServlet - Initializing Servlet 'messageDispatcherServlet'
2024-04-21 19:44:12 [http-nio-8082-exec-1] INFO  o.s.w.s.saaj.SaajSoapMessageFactory - Creating SAAJ 1.3 MessageFactory with SOAP 1.1 Protocol
2024-04-21 19:44:12 [http-nio-8082-exec-1] INFO  o.s.w.t.h.MessageDispatcherServlet - Completed initialization in 43 ms
2024-04-21 19:44:13 [http-nio-8082-exec-1] INFO  o.a.c.c.C.[Tomcat].[localhost].[/] - Initializing Spring DispatcherServlet 'dispatcherServlet'
2024-04-21 19:44:13 [http-nio-8082-exec-1] INFO  o.s.web.servlet.DispatcherServlet - Initializing Servlet 'dispatcherServlet'
2024-04-21 19:44:13 [http-nio-8082-exec-1] INFO  o.s.web.servlet.DispatcherServlet - Completed initialization in 11 ms
2024-04-21 19:49:49 [http-nio-8082-exec-5] INFO  p.webservice.demo.configs.SoapPhase - Fetched successfully
2024-04-21 19:50:01 [http-nio-8082-exec-7] INFO  p.webservice.demo.configs.SoapPhase - Fetched successfully
2024-04-21 19:50:06 [http-nio-8082-exec-8] INFO  p.webservice.demo.configs.SoapPhase - Failed to fetch
