10:36:39.931 [34m[main][0;39m INFO  App.class - [34mEnter data to employee list[0;39m 
10:39:02.816 [34m[main][0;39m INFO  App.class - [34mEnter data to employee list[0;39m 
10:42:32.980 [34m[main][0;39m INFO  App.class - [34mEnter data to employee list[0;39m 
11:34:02.043 [34m[main][0;39m INFO  DatabaseImplementation.class - [34mDisplaying details of Employee with Employee ID:1[0;39m 
11:38:22.323 [34m[main][0;39m INFO  App.class - [34mDisplaying all details[0;39m 
11:38:25.828 [34m[main][0;39m INFO  App.class - [34mDisplay required details based on Temporary pincode[0;39m 
11:38:29.768 [34m[main][0;39m INFO  DatabaseImplementation.class - [34mDisplaying details based on Temporary Pincode:574103[0;39m 
11:38:36.719 [34m[main][0;39m INFO  App.class - [34mDisplay required details based on Temporary pincode[0;39m 
11:38:39.932 [34m[main][0;39m INFO  DatabaseImplementation.class - [34mDisplaying details based on Temporary Pincode:111111[0;39m 
11:54:06.453 [34m[main][0;39m INFO  App.class - [34mEnter data to employee list[0;39m 
12:25:39.721 [34m[main][0;39m INFO  App.class - [34mDisplaying all details[0;39m 
12:27:12.850 [34m[main][0;39m INFO  App.class - [34mDisplaying all details[0;39m 
12:30:35.620 [34m[main][0;39m INFO  App.class - [34mDisplaying all details[0;39m 
12:32:51.502 [34m[main][0;39m INFO  App.class - [34mDisplaying all details[0;39m 
12:43:43.980 [34m[main][0;39m INFO  App.class - [34mDisplaying all details[0;39m 
20:29:31.541 [34m[main][0;39m INFO  App.class - [34mDisplaying all details[0;39m 
08:55:39.782 [34m[main][0;39m INFO  DatabaseImplementation.class - [34mDisplaying details of Employee with Employee ID:1[0;39m 
08:55:46.933 [34m[main][0;39m INFO  App.class - [34mDisplaying all details[0;39m 
08:55:56.012 [34m[main][0;39m INFO  App.class - [34mDisplay required details based on Temporary pincode[0;39m 
08:55:59.895 [34m[main][0;39m INFO  DatabaseImplementation.class - [34mDisplaying details based on Temporary Pincode:574103[0;39m 
11:02:10.380 [34m[main][0;39m INFO  App.class - [34mDisplaying all details[0;39m 
11:04:45.941 [34m[main][0;39m INFO  App.class - [34mDisplaying all details[0;39m 
11:05:33.118 [34m[main][0;39m INFO  DatabaseImplementation.class - [34mDisplaying details of Employee with Employee ID:1[0;39m 
11:24:29.142 [34m[main][0;39m INFO  App.class - [34mEnter data to employee list[0;39m 
11:25:08.809 [34m[main][0;39m INFO  App.class - [34mData added[0;39m 
11:25:40.421 [34m[main][0;39m INFO  App.class - [34mEnter data to employee list[0;39m 
11:26:12.133 [34m[main][0;39m INFO  App.class - [34mData added[0;39m 
11:29:13.664 [34m[main][0;39m INFO  App.class - [34mEnter data to employee list[0;39m 
11:29:47.758 [34m[main][0;39m INFO  App.class - [34mData added[0;39m 
11:29:47.867 [34m[main][0;39m INFO  DatabaseImplementation.class - [34mBasic details entered[0;39m 
11:29:47.867 [34m[main][0;39m INFO  DatabaseImplementation.class - [34mTemporary details entered[0;39m 
11:29:47.867 [34m[main][0;39m INFO  DatabaseImplementation.class - [34mPermanent details entered[0;39m 
11:29:59.115 [34m[main][0;39m INFO  App.class - [34mDisplaying all details[0;39m 
11:32:54.905 [34m[main][0;39m INFO  App.class - [34mEnter data to employee list[0;39m 
11:32:54.905 [34m[main][0;39m INFO  App.class - [34mEnter data to employee list[0;39m 
11:33:29.811 [34m[main][0;39m INFO  App.class - [34mData added[0;39m 
11:35:01.928 [34m[main][0;39m INFO  App.class - [34mEnter data to employee list[0;39m 
11:35:01.942 [34m[main][0;39m INFO  App.class - [34mEnter data to employee list[0;39m 
11:35:31.142 [34m[main][0;39m INFO  App.class - [34mData added[0;39m 
11:35:31.330 [34m[main][0;39m INFO  DatabaseImplementation.class - [34mBasic details entered[0;39m 
11:35:31.330 [34m[main][0;39m INFO  DatabaseImplementation.class - [34mTemporary details entered[0;39m 
11:35:31.330 [34m[main][0;39m INFO  DatabaseImplementation.class - [34mPermanent details entered[0;39m 
11:36:25.635 [34m[main][0;39m INFO  App.class - [34mEnter data to employee list[0;39m 
11:37:08.418 [34m[main][0;39m INFO  App.class - [34mEnter data to employee list[0;39m 
11:37:08.434 [34m[main][0;39m INFO  App.class - [34mEnter data to employee list[0;39m 
11:37:46.524 [34m[main][0;39m INFO  App.class - [34mData added[0;39m 
11:37:46.619 [34m[main][0;39m INFO  DatabaseImplementation.class - [34mBasic details entered[0;39m 
11:37:46.619 [34m[main][0;39m INFO  DatabaseImplementation.class - [34mTemporary details entered[0;39m 
11:37:46.619 [34m[main][0;39m INFO  DatabaseImplementation.class - [34mPermanent details entered[0;39m 
11:38:24.495 [34m[main][0;39m INFO  App.class - [34mEnter data to employee list[0;39m 
11:38:24.495 [34m[main][0;39m INFO  App.class - [34mEnter data to employee list[0;39m 
11:38:49.562 [34m[main][0;39m INFO  App.class - [34mData added[0;39m 
11:39:06.496 [34m[main][0;39m INFO  App.class - [34mEnter data to employee list[0;39m 
11:39:06.513 [34m[main][0;39m INFO  App.class - [34mEnter data to employee list[0;39m 
11:39:32.541 [34m[main][0;39m INFO  App.class - [34mData added[0;39m 
11:39:32.655 [34m[main][0;39m INFO  DatabaseImplementation.class - [34mBasic details entered[0;39m 
11:39:32.655 [34m[main][0;39m INFO  DatabaseImplementation.class - [34mTemporary details entered[0;39m 
11:39:32.655 [34m[main][0;39m INFO  DatabaseImplementation.class - [34mPermanent details entered[0;39m 
13:09:14.991 [34m[main][0;39m INFO  App.class - [34mDisplay required details based on Temporary pincode[0;39m 
13:09:21.805 [34m[main][0;39m INFO  DatabaseImplementation.class - [34mDisplaying details based on Temporary Pincode:574103[0;39m 
13:09:40.021 [34m[main][0;39m INFO  App.class - [34mDisplaying all details[0;39m 
13:13:26.946 [34m[main][0;39m INFO  App.class - [34mDisplay required details based on Temporary pincode[0;39m 
13:13:31.850 [34m[main][0;39m INFO  DatabaseImplementation.class - [34mDisplaying details based on Temporary Pincode:574103[0;39m 
