[31m2024-04-05 09:14:52,048[0;39m [32m[INFO][0;39m project.webservice.demo.DemoApplication restartedMain [32mStarting DemoApplication using Java 1.8.0_292 on WPF45M1V0 with PID 948 (C:\DLTE-JAVA-FULL-STACK-SINCHANAVENUGOPAL-2024\MyBank_Project\Webservices\target\classes started by xxvenugs in C:\DLTE-JAVA-FULL-STACK-SINCHANAVENUGOPAL-2024\MyBank_Project\Webservices)
[0;39m[31m2024-04-05 09:14:52,048[0;39m [32m[INFO][0;39m project.webservice.demo.DemoApplication restartedMain [32mNo active profile set, falling back to 1 default profile: "default"
[0;39m[31m2024-04-05 09:14:52,095[0;39m [32m[INFO][0;39m org.springframework.boot.devtools.restart.ChangeableUrls restartedMain [32mThe Class-Path manifest attribute in C:\Users\xxvenugs\.m2\repository\com\oracle\database\security\oraclepki\21.5.0.0\oraclepki-21.5.0.0.jar referenced one or more files that do not exist: file:/C:/Users/xxvenugs/.m2/repository/com/oracle/database/security/oraclepki/21.5.0.0/osdt_core.jar,file:/C:/Users/xxvenugs/.m2/repository/com/oracle/database/security/oraclepki/21.5.0.0/osdt_cert.jar,file:/C:/Users/xxvenugs/.m2/repository/com/oracle/database/security/oraclepki/oracle.osdt/osdt_core.jar,file:/C:/Users/xxvenugs/.m2/repository/com/oracle/database/security/oraclepki/oracle.osdt/osdt_cert.jar
[0;39m[31m2024-04-05 09:14:52,111[0;39m [32m[INFO][0;39m org.springframework.boot.devtools.env.DevToolsPropertyDefaultsPostProcessor restartedMain [32mDevtools property defaults active! Set 'spring.devtools.add-properties' to 'false' to disable
[0;39m[31m2024-04-05 09:14:52,111[0;39m [32m[INFO][0;39m org.springframework.boot.devtools.env.DevToolsPropertyDefaultsPostProcessor restartedMain [32mFor additional web related logging consider setting the 'logging.level.web' property to 'DEBUG'
[0;39m[31m2024-04-05 09:14:52,582[0;39m [32m[INFO][0;39m org.springframework.data.repository.config.RepositoryConfigurationDelegate restartedMain [32mBootstrapping Spring Data JDBC repositories in DEFAULT mode.
[0;39m[31m2024-04-05 09:14:52,598[0;39m [32m[INFO][0;39m org.springframework.data.repository.config.RepositoryConfigurationDelegate restartedMain [32mFinished Spring Data repository scanning in 5 ms. Found 0 JDBC repository interfaces.
[0;39m[31m2024-04-05 09:14:52,739[0;39m [32m[INFO][0;39m org.springframework.context.support.PostProcessorRegistrationDelegate$BeanPostProcessorChecker restartedMain [32mBean 'soapServiceConfiguration' of type [project.webservice.demo.configs.SoapServiceConfiguration$$EnhancerBySpringCGLIB$$39cb93bc] is not eligible for getting processed by all BeanPostProcessors (for example: not eligible for auto-proxying)
[0;39m[31m2024-04-05 09:14:52,739[0;39m [32m[INFO][0;39m org.springframework.context.support.PostProcessorRegistrationDelegate$BeanPostProcessorChecker restartedMain [32mBean 'org.springframework.ws.config.annotation.DelegatingWsConfiguration' of type [org.springframework.ws.config.annotation.DelegatingWsConfiguration$$EnhancerBySpringCGLIB$$ee24b9da] is not eligible for getting processed by all BeanPostProcessors (for example: not eligible for auto-proxying)
[0;39m[31m2024-04-05 09:14:52,771[0;39m [32m[INFO][0;39m org.springframework.ws.soap.addressing.server.AnnotationActionEndpointMapping restartedMain [32mSupporting [WS-Addressing August 2004, WS-Addressing 1.0]
[0;39m[31m2024-04-05 09:14:53,006[0;39m [32m[INFO][0;39m org.springframework.boot.web.embedded.tomcat.TomcatWebServer restartedMain [32mTomcat initialized with port(s): 8082 (http)
[0;39m[31m2024-04-05 09:14:53,006[0;39m [32m[INFO][0;39m org.apache.catalina.core.StandardService restartedMain [32mStarting service [Tomcat]
[0;39m[31m2024-04-05 09:14:53,006[0;39m [32m[INFO][0;39m org.apache.catalina.core.StandardEngine restartedMain [32mStarting Servlet engine: [Apache Tomcat/9.0.73]
[0;39m[31m2024-04-05 09:14:53,100[0;39m [32m[INFO][0;39m org.apache.catalina.core.ContainerBase.[Tomcat].[localhost].[/] restartedMain [32mInitializing Spring embedded WebApplicationContext
[0;39m[31m2024-04-05 09:14:53,100[0;39m [32m[INFO][0;39m org.springframework.boot.web.servlet.context.ServletWebServerApplicationContext restartedMain [32mRoot WebApplicationContext: initialization completed in 989 ms
[0;39m[31m2024-04-05 09:14:53,478[0;39m [32m[INFO][0;39m com.zaxxer.hikari.HikariDataSource restartedMain [32mHikariPool-1 - Starting...
[0;39m[31m2024-04-05 09:14:53,478[0;39m [32m[WARN][0;39m com.zaxxer.hikari.util.DriverDataSource restartedMain [32mRegistered driver with driverClassName=oracle.jdbc.driver.OracleDriver was not found, trying direct instantiation.
[0;39m[31m2024-04-05 09:14:53,557[0;39m [32m[INFO][0;39m com.zaxxer.hikari.pool.PoolBase restartedMain [32mHikariPool-1 - Driver does not support get/set network timeout for connections. (oracle.jdbc.driver.T4CConnection.getNetworkTimeout()I)
[0;39m[31m2024-04-05 09:14:53,557[0;39m [32m[INFO][0;39m com.zaxxer.hikari.HikariDataSource restartedMain [32mHikariPool-1 - Start completed.
[0;39m[31m2024-04-05 09:14:53,636[0;39m [32m[INFO][0;39m org.springframework.boot.devtools.autoconfigure.OptionalLiveReloadServer restartedMain [32mLiveReload server is running on port 35729
[0;39m[31m2024-04-05 09:14:53,651[0;39m [32m[INFO][0;39m org.springframework.boot.web.embedded.tomcat.TomcatWebServer restartedMain [32mTomcat started on port(s): 8082 (http) with context path ''
[0;39m[31m2024-04-05 09:14:53,667[0;39m [32m[INFO][0;39m project.webservice.demo.DemoApplication restartedMain [32mStarted DemoApplication in 1.942 seconds (JVM running for 2.631)
[0;39m[31m2024-04-05 09:18:27,034[0;39m [32m[INFO][0;39m org.apache.catalina.core.ContainerBase.[Tomcat].[localhost].[/] http-nio-8082-exec-1 [32mInitializing Spring MessageDispatcherServlet 'messageDispatcherServlet'
[0;39m[31m2024-04-05 09:18:27,034[0;39m [32m[INFO][0;39m org.springframework.ws.transport.http.MessageDispatcherServlet http-nio-8082-exec-1 [32mInitializing Servlet 'messageDispatcherServlet'
[0;39m[31m2024-04-05 09:18:27,036[0;39m [32m[INFO][0;39m org.springframework.ws.soap.saaj.SaajSoapMessageFactory http-nio-8082-exec-1 [32mCreating SAAJ 1.3 MessageFactory with SOAP 1.1 Protocol
[0;39m[31m2024-04-05 09:18:27,054[0;39m [32m[INFO][0;39m org.springframework.ws.transport.http.MessageDispatcherServlet http-nio-8082-exec-1 [32mCompleted initialization in 20 ms
[0;39m[31m2024-04-05 09:20:00,202[0;39m [32m[INFO][0;39m project.webservice.demo.configs.SoapPhase http-nio-8082-exec-6 [32msuccess.fetch
[0;39m[31m2024-04-05 09:20:14,176[0;39m [32m[INFO][0;39m project.webservice.demo.configs.SoapPhase http-nio-8082-exec-8 [32mfailure.fetch
[0;39m[31m2024-04-05 09:20:20,839[0;39m [32m[INFO][0;39m project.webservice.demo.configs.SoapPhase http-nio-8082-exec-2 [32mfailure.fetch
[0;39m[31m2024-04-05 11:30:27,062[0;39m [32m[INFO][0;39m project.webservice.demo.DemoApplication restartedMain [32mStarting DemoApplication using Java 1.8.0_292 on WPF45M1V0 with PID 2288 (C:\DLTE-JAVA-FULL-STACK-SINCHANAVENUGOPAL-2024\MyBank_Project\Webservices\target\classes started by xxvenugs in C:\DLTE-JAVA-FULL-STACK-SINCHANAVENUGOPAL-2024\MyBank_Project\Webservices)
[0;39m[31m2024-04-05 11:30:27,062[0;39m [32m[INFO][0;39m project.webservice.demo.DemoApplication restartedMain [32mNo active profile set, falling back to 1 default profile: "default"
[0;39m[31m2024-04-05 11:30:27,140[0;39m [32m[INFO][0;39m org.springframework.boot.devtools.restart.ChangeableUrls restartedMain [32mThe Class-Path manifest attribute in C:\Users\xxvenugs\.m2\repository\com\oracle\database\security\oraclepki\21.5.0.0\oraclepki-21.5.0.0.jar referenced one or more files that do not exist: file:/C:/Users/xxvenugs/.m2/repository/com/oracle/database/security/oraclepki/21.5.0.0/osdt_core.jar,file:/C:/Users/xxvenugs/.m2/repository/com/oracle/database/security/oraclepki/21.5.0.0/osdt_cert.jar,file:/C:/Users/xxvenugs/.m2/repository/com/oracle/database/security/oraclepki/oracle.osdt/osdt_core.jar,file:/C:/Users/xxvenugs/.m2/repository/com/oracle/database/security/oraclepki/oracle.osdt/osdt_cert.jar
[0;39m[31m2024-04-05 11:30:27,140[0;39m [32m[INFO][0;39m org.springframework.boot.devtools.env.DevToolsPropertyDefaultsPostProcessor restartedMain [32mDevtools property defaults active! Set 'spring.devtools.add-properties' to 'false' to disable
[0;39m[31m2024-04-05 11:30:27,140[0;39m [32m[INFO][0;39m org.springframework.boot.devtools.env.DevToolsPropertyDefaultsPostProcessor restartedMain [32mFor additional web related logging consider setting the 'logging.level.web' property to 'DEBUG'
[0;39m[31m2024-04-05 11:30:28,053[0;39m [32m[INFO][0;39m org.springframework.data.repository.config.RepositoryConfigurationDelegate restartedMain [32mBootstrapping Spring Data JDBC repositories in DEFAULT mode.
[0;39m[31m2024-04-05 11:30:28,068[0;39m [32m[INFO][0;39m org.springframework.data.repository.config.RepositoryConfigurationDelegate restartedMain [32mFinished Spring Data repository scanning in 9 ms. Found 0 JDBC repository interfaces.
[0;39m[31m2024-04-05 11:30:28,330[0;39m [32m[INFO][0;39m org.springframework.context.support.PostProcessorRegistrationDelegate$BeanPostProcessorChecker restartedMain [32mBean 'soapServiceConfiguration' of type [project.webservice.demo.configs.SoapServiceConfiguration$$EnhancerBySpringCGLIB$$9f335b1] is not eligible for getting processed by all BeanPostProcessors (for example: not eligible for auto-proxying)
[0;39m[31m2024-04-05 11:30:28,331[0;39m [32m[INFO][0;39m org.springframework.context.support.PostProcessorRegistrationDelegate$BeanPostProcessorChecker restartedMain [32mBean 'org.springframework.ws.config.annotation.DelegatingWsConfiguration' of type [org.springframework.ws.config.annotation.DelegatingWsConfiguration$$EnhancerBySpringCGLIB$$be4c5bcf] is not eligible for getting processed by all BeanPostProcessors (for example: not eligible for auto-proxying)
[0;39m[31m2024-04-05 11:30:28,382[0;39m [32m[INFO][0;39m org.springframework.ws.soap.addressing.server.AnnotationActionEndpointMapping restartedMain [32mSupporting [WS-Addressing August 2004, WS-Addressing 1.0]
[0;39m[31m2024-04-05 11:30:28,713[0;39m [32m[INFO][0;39m org.springframework.boot.web.embedded.tomcat.TomcatWebServer restartedMain [32mTomcat initialized with port(s): 8082 (http)
[0;39m[31m2024-04-05 11:30:28,713[0;39m [32m[INFO][0;39m org.apache.catalina.core.StandardService restartedMain [32mStarting service [Tomcat]
[0;39m[31m2024-04-05 11:30:28,713[0;39m [32m[INFO][0;39m org.apache.catalina.core.StandardEngine restartedMain [32mStarting Servlet engine: [Apache Tomcat/9.0.73]
[0;39m[31m2024-04-05 11:30:28,839[0;39m [32m[INFO][0;39m org.apache.catalina.core.ContainerBase.[Tomcat].[localhost].[/] restartedMain [32mInitializing Spring embedded WebApplicationContext
[0;39m[31m2024-04-05 11:30:28,839[0;39m [32m[INFO][0;39m org.springframework.boot.web.servlet.context.ServletWebServerApplicationContext restartedMain [32mRoot WebApplicationContext: initialization completed in 1699 ms
[0;39m[31m2024-04-05 11:30:29,453[0;39m [32m[INFO][0;39m com.zaxxer.hikari.HikariDataSource restartedMain [32mHikariPool-1 - Starting...
[0;39m[31m2024-04-05 11:30:29,453[0;39m [32m[WARN][0;39m com.zaxxer.hikari.util.DriverDataSource restartedMain [32mRegistered driver with driverClassName=oracle.jdbc.driver.OracleDriver was not found, trying direct instantiation.
[0;39m[31m2024-04-05 11:30:29,595[0;39m [32m[INFO][0;39m com.zaxxer.hikari.pool.PoolBase restartedMain [32mHikariPool-1 - Driver does not support get/set network timeout for connections. (oracle.jdbc.driver.T4CConnection.getNetworkTimeout()I)
[0;39m[31m2024-04-05 11:30:29,595[0;39m [32m[INFO][0;39m com.zaxxer.hikari.HikariDataSource restartedMain [32mHikariPool-1 - Start completed.
[0;39m[31m2024-04-05 11:30:29,752[0;39m [32m[INFO][0;39m org.springframework.boot.devtools.autoconfigure.OptionalLiveReloadServer restartedMain [32mLiveReload server is running on port 35729
[0;39m[31m2024-04-05 11:30:29,784[0;39m [32m[INFO][0;39m org.springframework.boot.web.embedded.tomcat.TomcatWebServer restartedMain [32mTomcat started on port(s): 8082 (http) with context path ''
[0;39m[31m2024-04-05 11:30:29,803[0;39m [32m[INFO][0;39m project.webservice.demo.DemoApplication restartedMain [32mStarted DemoApplication in 3.254 seconds (JVM running for 4.479)
[0;39m[31m2024-04-05 11:30:59,120[0;39m [32m[INFO][0;39m org.apache.catalina.core.ContainerBase.[Tomcat].[localhost].[/] http-nio-8082-exec-1 [32mInitializing Spring MessageDispatcherServlet 'messageDispatcherServlet'
[0;39m[31m2024-04-05 11:30:59,120[0;39m [32m[INFO][0;39m org.springframework.ws.transport.http.MessageDispatcherServlet http-nio-8082-exec-1 [32mInitializing Servlet 'messageDispatcherServlet'
[0;39m[31m2024-04-05 11:30:59,120[0;39m [32m[INFO][0;39m org.springframework.ws.soap.saaj.SaajSoapMessageFactory http-nio-8082-exec-1 [32mCreating SAAJ 1.3 MessageFactory with SOAP 1.1 Protocol
[0;39m[31m2024-04-05 11:30:59,168[0;39m [32m[INFO][0;39m org.springframework.ws.transport.http.MessageDispatcherServlet http-nio-8082-exec-1 [32mCompleted initialization in 48 ms
[0;39m[31m2024-04-05 11:32:08,252[0;39m [32m[INFO][0;39m project.webservice.demo.configs.SoapPhase http-nio-8082-exec-6 [32msuccess.fetch
[0;39m[31m2024-04-05 11:32:17,970[0;39m [32m[INFO][0;39m project.webservice.demo.configs.SoapPhase http-nio-8082-exec-5 [32mfailure.fetch
[0;39m[31m2024-04-05 11:33:17,553[0;39m [32m[INFO][0;39m project.webservice.demo.configs.SoapPhase http-nio-8082-exec-8 [32mfailure.fetch
[0;39m[31m2024-04-05 11:33:32,180[0;39m [32m[INFO][0;39m project.webservice.demo.configs.SoapPhase http-nio-8082-exec-9 [32mfailure.fetch
[0;39m[31m2024-04-05 11:36:29,976[0;39m [32m[INFO][0;39m project.webservice.demo.DemoApplication restartedMain [32mStarting DemoApplication using Java 1.8.0_292 on WPF45M1V0 with PID 6580 (C:\DLTE-JAVA-FULL-STACK-SINCHANAVENUGOPAL-2024\MyBank_Project\Webservices\target\classes started by xxvenugs in C:\DLTE-JAVA-FULL-STACK-SINCHANAVENUGOPAL-2024\MyBank_Project\Webservices)
[0;39m[31m2024-04-05 11:36:29,976[0;39m [32m[INFO][0;39m project.webservice.demo.DemoApplication restartedMain [32mNo active profile set, falling back to 1 default profile: "default"
[0;39m[31m2024-04-05 11:36:30,039[0;39m [32m[INFO][0;39m org.springframework.boot.devtools.restart.ChangeableUrls restartedMain [32mThe Class-Path manifest attribute in C:\Users\xxvenugs\.m2\repository\com\oracle\database\security\oraclepki\21.5.0.0\oraclepki-21.5.0.0.jar referenced one or more files that do not exist: file:/C:/Users/xxvenugs/.m2/repository/com/oracle/database/security/oraclepki/21.5.0.0/osdt_core.jar,file:/C:/Users/xxvenugs/.m2/repository/com/oracle/database/security/oraclepki/21.5.0.0/osdt_cert.jar,file:/C:/Users/xxvenugs/.m2/repository/com/oracle/database/security/oraclepki/oracle.osdt/osdt_core.jar,file:/C:/Users/xxvenugs/.m2/repository/com/oracle/database/security/oraclepki/oracle.osdt/osdt_cert.jar
[0;39m[31m2024-04-05 11:36:30,039[0;39m [32m[INFO][0;39m org.springframework.boot.devtools.env.DevToolsPropertyDefaultsPostProcessor restartedMain [32mDevtools property defaults active! Set 'spring.devtools.add-properties' to 'false' to disable
[0;39m[31m2024-04-05 11:36:30,039[0;39m [32m[INFO][0;39m org.springframework.boot.devtools.env.DevToolsPropertyDefaultsPostProcessor restartedMain [32mFor additional web related logging consider setting the 'logging.level.web' property to 'DEBUG'
[0;39m[31m2024-04-05 11:36:31,120[0;39m [32m[INFO][0;39m org.springframework.data.repository.config.RepositoryConfigurationDelegate restartedMain [32mBootstrapping Spring Data JDBC repositories in DEFAULT mode.
[0;39m[31m2024-04-05 11:36:31,142[0;39m [32m[INFO][0;39m org.springframework.data.repository.config.RepositoryConfigurationDelegate restartedMain [32mFinished Spring Data repository scanning in 16 ms. Found 0 JDBC repository interfaces.
[0;39m[31m2024-04-05 11:36:31,505[0;39m [32m[INFO][0;39m org.springframework.context.support.PostProcessorRegistrationDelegate$BeanPostProcessorChecker restartedMain [32mBean 'soapServiceConfiguration' of type [project.webservice.demo.configs.SoapServiceConfiguration$$EnhancerBySpringCGLIB$$7567ff53] is not eligible for getting processed by all BeanPostProcessors (for example: not eligible for auto-proxying)
[0;39m[31m2024-04-05 11:36:31,505[0;39m [32m[INFO][0;39m org.springframework.context.support.PostProcessorRegistrationDelegate$BeanPostProcessorChecker restartedMain [32mBean 'org.springframework.ws.config.annotation.DelegatingWsConfiguration' of type [org.springframework.ws.config.annotation.DelegatingWsConfiguration$$EnhancerBySpringCGLIB$$29c12571] is not eligible for getting processed by all BeanPostProcessors (for example: not eligible for auto-proxying)
[0;39m[31m2024-04-05 11:36:31,583[0;39m [32m[INFO][0;39m org.springframework.ws.soap.addressing.server.AnnotationActionEndpointMapping restartedMain [32mSupporting [WS-Addressing August 2004, WS-Addressing 1.0]
[0;39m[31m2024-04-05 11:36:31,993[0;39m [32m[INFO][0;39m org.springframework.boot.web.embedded.tomcat.TomcatWebServer restartedMain [32mTomcat initialized with port(s): 8082 (http)
[0;39m[31m2024-04-05 11:36:31,993[0;39m [32m[INFO][0;39m org.apache.catalina.core.StandardService restartedMain [32mStarting service [Tomcat]
[0;39m[31m2024-04-05 11:36:31,993[0;39m [32m[INFO][0;39m org.apache.catalina.core.StandardEngine restartedMain [32mStarting Servlet engine: [Apache Tomcat/9.0.73]
[0;39m[31m2024-04-05 11:36:32,119[0;39m [32m[INFO][0;39m org.apache.catalina.core.ContainerBase.[Tomcat].[localhost].[/] restartedMain [32mInitializing Spring embedded WebApplicationContext
[0;39m[31m2024-04-05 11:36:32,119[0;39m [32m[INFO][0;39m org.springframework.boot.web.servlet.context.ServletWebServerApplicationContext restartedMain [32mRoot WebApplicationContext: initialization completed in 2080 ms
[0;39m[31m2024-04-05 11:36:32,766[0;39m [32m[INFO][0;39m com.zaxxer.hikari.HikariDataSource restartedMain [32mHikariPool-1 - Starting...
[0;39m[31m2024-04-05 11:36:32,766[0;39m [32m[WARN][0;39m com.zaxxer.hikari.util.DriverDataSource restartedMain [32mRegistered driver with driverClassName=oracle.jdbc.driver.OracleDriver was not found, trying direct instantiation.
[0;39m[31m2024-04-05 11:36:32,861[0;39m [32m[INFO][0;39m com.zaxxer.hikari.pool.PoolBase restartedMain [32mHikariPool-1 - Driver does not support get/set network timeout for connections. (oracle.jdbc.driver.T4CConnection.getNetworkTimeout()I)
[0;39m[31m2024-04-05 11:36:32,877[0;39m [32m[INFO][0;39m com.zaxxer.hikari.HikariDataSource restartedMain [32mHikariPool-1 - Start completed.
[0;39m[31m2024-04-05 11:36:32,988[0;39m [32m[INFO][0;39m org.springframework.boot.devtools.autoconfigure.OptionalLiveReloadServer restartedMain [32mLiveReload server is running on port 35729
[0;39m[31m2024-04-05 11:36:33,038[0;39m [32m[INFO][0;39m org.springframework.boot.web.embedded.tomcat.TomcatWebServer restartedMain [32mTomcat started on port(s): 8082 (http) with context path ''
[0;39m[31m2024-04-05 11:36:33,056[0;39m [32m[INFO][0;39m project.webservice.demo.DemoApplication restartedMain [32mStarted DemoApplication in 3.575 seconds (JVM running for 4.938)
[0;39m[31m2024-04-05 11:36:44,307[0;39m [32m[INFO][0;39m org.apache.catalina.core.ContainerBase.[Tomcat].[localhost].[/] http-nio-8082-exec-1 [32mInitializing Spring MessageDispatcherServlet 'messageDispatcherServlet'
[0;39m[31m2024-04-05 11:36:44,307[0;39m [32m[INFO][0;39m org.springframework.ws.transport.http.MessageDispatcherServlet http-nio-8082-exec-1 [32mInitializing Servlet 'messageDispatcherServlet'
[0;39m[31m2024-04-05 11:36:44,307[0;39m [32m[INFO][0;39m org.springframework.ws.soap.saaj.SaajSoapMessageFactory http-nio-8082-exec-1 [32mCreating SAAJ 1.3 MessageFactory with SOAP 1.1 Protocol
[0;39m[31m2024-04-05 11:36:44,338[0;39m [32m[INFO][0;39m org.springframework.ws.transport.http.MessageDispatcherServlet http-nio-8082-exec-1 [32mCompleted initialization in 31 ms
[0;39m[31m2024-04-05 11:51:37,879[0;39m [32m[INFO][0;39m project.webservice.demo.EndPointTesting main [32mStarting EndPointTesting using Java 1.8.0_292 on WPF45M1V0 with PID 23616 (started by xxvenugs in C:\DLTE-JAVA-FULL-STACK-SINCHANAVENUGOPAL-2024\MyBank_Project\Webservices)
[0;39m[31m2024-04-05 11:51:37,879[0;39m [32m[INFO][0;39m project.webservice.demo.EndPointTesting main [32mNo active profile set, falling back to 1 default profile: "default"
[0;39m[31m2024-04-05 11:51:38,902[0;39m [32m[INFO][0;39m org.springframework.data.repository.config.RepositoryConfigurationDelegate main [32mBootstrapping Spring Data JDBC repositories in DEFAULT mode.
[0;39m[31m2024-04-05 11:51:38,934[0;39m [32m[INFO][0;39m org.springframework.data.repository.config.RepositoryConfigurationDelegate main [32mFinished Spring Data repository scanning in 18 ms. Found 0 JDBC repository interfaces.
[0;39m[31m2024-04-05 11:51:39,957[0;39m [32m[INFO][0;39m org.springframework.context.support.PostProcessorRegistrationDelegate$BeanPostProcessorChecker main [32mBean 'soapServiceConfiguration' of type [project.webservice.demo.configs.SoapServiceConfiguration$$EnhancerBySpringCGLIB$$c0c6c9c5] is not eligible for getting processed by all BeanPostProcessors (for example: not eligible for auto-proxying)
[0;39m[31m2024-04-05 11:51:39,957[0;39m [32m[INFO][0;39m org.springframework.context.support.PostProcessorRegistrationDelegate$BeanPostProcessorChecker main [32mBean 'org.springframework.ws.config.annotation.DelegatingWsConfiguration' of type [org.springframework.ws.config.annotation.DelegatingWsConfiguration$$EnhancerBySpringCGLIB$$751fefe3] is not eligible for getting processed by all BeanPostProcessors (for example: not eligible for auto-proxying)
[0;39m[31m2024-04-05 11:51:40,020[0;39m [32m[INFO][0;39m org.springframework.ws.soap.addressing.server.AnnotationActionEndpointMapping main [32mSupporting [WS-Addressing August 2004, WS-Addressing 1.0]
[0;39m[31m2024-04-05 11:51:41,734[0;39m [32m[INFO][0;39m com.zaxxer.hikari.HikariDataSource main [32mHikariPool-1 - Starting...
[0;39m[31m2024-04-05 11:51:41,749[0;39m [32m[WARN][0;39m com.zaxxer.hikari.util.DriverDataSource main [32mRegistered driver with driverClassName=oracle.jdbc.driver.OracleDriver was not found, trying direct instantiation.
[0;39m[31m2024-04-05 11:51:42,287[0;39m [32m[INFO][0;39m com.zaxxer.hikari.pool.PoolBase main [32mHikariPool-1 - Driver does not support get/set network timeout for connections. (oracle.jdbc.driver.T4CConnection.getNetworkTimeout()I)
[0;39m[31m2024-04-05 11:51:42,303[0;39m [32m[INFO][0;39m com.zaxxer.hikari.HikariDataSource main [32mHikariPool-1 - Start completed.
[0;39m[31m2024-04-05 11:51:42,666[0;39m [32m[INFO][0;39m project.webservice.demo.EndPointTesting main [32mStarted EndPointTesting in 5.263 seconds (JVM running for 7.659)
[0;39m[31m2024-04-05 11:51:42,901[0;39m [32m[INFO][0;39m com.zaxxer.hikari.HikariDataSource SpringApplicationShutdownHook [32mHikariPool-1 - Shutdown initiated...
[0;39m[31m2024-04-05 11:51:42,939[0;39m [32m[INFO][0;39m com.zaxxer.hikari.HikariDataSource SpringApplicationShutdownHook [32mHikariPool-1 - Shutdown completed.
[0;39m[31m2024-04-05 11:51:57,800[0;39m [32m[INFO][0;39m project.webservice.demo.EndPointTesting main [32mStarting EndPointTesting using Java 1.8.0_292 on WPF45M1V0 with PID 7068 (started by xxvenugs in C:\DLTE-JAVA-FULL-STACK-SINCHANAVENUGOPAL-2024\MyBank_Project\Webservices)
[0;39m[31m2024-04-05 11:51:57,800[0;39m [32m[INFO][0;39m project.webservice.demo.EndPointTesting main [32mNo active profile set, falling back to 1 default profile: "default"
[0;39m[31m2024-04-05 11:51:58,747[0;39m [32m[INFO][0;39m org.springframework.data.repository.config.RepositoryConfigurationDelegate main [32mBootstrapping Spring Data JDBC repositories in DEFAULT mode.
[0;39m[31m2024-04-05 11:51:58,759[0;39m [32m[INFO][0;39m org.springframework.data.repository.config.RepositoryConfigurationDelegate main [32mFinished Spring Data repository scanning in 8 ms. Found 0 JDBC repository interfaces.
[0;39m[31m2024-04-05 11:51:59,624[0;39m [32m[INFO][0;39m org.springframework.context.support.PostProcessorRegistrationDelegate$BeanPostProcessorChecker main [32mBean 'soapServiceConfiguration' of type [project.webservice.demo.configs.SoapServiceConfiguration$$EnhancerBySpringCGLIB$$7e467a23] is not eligible for getting processed by all BeanPostProcessors (for example: not eligible for auto-proxying)
[0;39m[31m2024-04-05 11:51:59,624[0;39m [32m[INFO][0;39m org.springframework.context.support.PostProcessorRegistrationDelegate$BeanPostProcessorChecker main [32mBean 'org.springframework.ws.config.annotation.DelegatingWsConfiguration' of type [org.springframework.ws.config.annotation.DelegatingWsConfiguration$$EnhancerBySpringCGLIB$$329fa041] is not eligible for getting processed by all BeanPostProcessors (for example: not eligible for auto-proxying)
[0;39m[31m2024-04-05 11:51:59,671[0;39m [32m[INFO][0;39m org.springframework.ws.soap.addressing.server.AnnotationActionEndpointMapping main [32mSupporting [WS-Addressing August 2004, WS-Addressing 1.0]
[0;39m[31m2024-04-05 11:52:01,437[0;39m [32m[INFO][0;39m com.zaxxer.hikari.HikariDataSource main [32mHikariPool-1 - Starting...
[0;39m[31m2024-04-05 11:52:01,453[0;39m [32m[WARN][0;39m com.zaxxer.hikari.util.DriverDataSource main [32mRegistered driver with driverClassName=oracle.jdbc.driver.OracleDriver was not found, trying direct instantiation.
[0;39m[31m2024-04-05 11:52:01,952[0;39m [32m[INFO][0;39m com.zaxxer.hikari.pool.PoolBase main [32mHikariPool-1 - Driver does not support get/set network timeout for connections. (oracle.jdbc.driver.T4CConnection.getNetworkTimeout()I)
[0;39m[31m2024-04-05 11:52:01,958[0;39m [32m[INFO][0;39m com.zaxxer.hikari.HikariDataSource main [32mHikariPool-1 - Start completed.
[0;39m[31m2024-04-05 11:52:02,211[0;39m [32m[INFO][0;39m project.webservice.demo.EndPointTesting main [32mStarted EndPointTesting in 4.968 seconds (JVM running for 6.69)
[0;39m[31m2024-04-05 11:52:02,399[0;39m [32m[INFO][0;39m com.zaxxer.hikari.HikariDataSource SpringApplicationShutdownHook [32mHikariPool-1 - Shutdown initiated...
[0;39m[31m2024-04-05 11:52:02,423[0;39m [32m[INFO][0;39m com.zaxxer.hikari.HikariDataSource SpringApplicationShutdownHook [32mHikariPool-1 - Shutdown completed.
[0;39m[31m2024-04-05 11:53:38,072[0;39m [32m[INFO][0;39m project.webservice.demo.EndPointTesting main [32mStarting EndPointTesting using Java 1.8.0_292 on WPF45M1V0 with PID 12784 (started by xxvenugs in C:\DLTE-JAVA-FULL-STACK-SINCHANAVENUGOPAL-2024\MyBank_Project\Webservices)
[0;39m[31m2024-04-05 11:53:38,072[0;39m [32m[INFO][0;39m project.webservice.demo.EndPointTesting main [32mNo active profile set, falling back to 1 default profile: "default"
[0;39m[31m2024-04-05 11:53:39,016[0;39m [32m[INFO][0;39m org.springframework.data.repository.config.RepositoryConfigurationDelegate main [32mBootstrapping Spring Data JDBC repositories in DEFAULT mode.
[0;39m[31m2024-04-05 11:53:39,047[0;39m [32m[INFO][0;39m org.springframework.data.repository.config.RepositoryConfigurationDelegate main [32mFinished Spring Data repository scanning in 14 ms. Found 0 JDBC repository interfaces.
[0;39m[31m2024-04-05 11:53:40,008[0;39m [32m[INFO][0;39m org.springframework.context.support.PostProcessorRegistrationDelegate$BeanPostProcessorChecker main [32mBean 'soapServiceConfiguration' of type [project.webservice.demo.configs.SoapServiceConfiguration$$EnhancerBySpringCGLIB$$15408a2] is not eligible for getting processed by all BeanPostProcessors (for example: not eligible for auto-proxying)
[0;39m[31m2024-04-05 11:53:40,008[0;39m [32m[INFO][0;39m org.springframework.context.support.PostProcessorRegistrationDelegate$BeanPostProcessorChecker main [32mBean 'org.springframework.ws.config.annotation.DelegatingWsConfiguration' of type [org.springframework.ws.config.annotation.DelegatingWsConfiguration$$EnhancerBySpringCGLIB$$b5ad2ec0] is not eligible for getting processed by all BeanPostProcessors (for example: not eligible for auto-proxying)
[0;39m[31m2024-04-05 11:53:40,102[0;39m [32m[INFO][0;39m org.springframework.ws.soap.addressing.server.AnnotationActionEndpointMapping main [32mSupporting [WS-Addressing August 2004, WS-Addressing 1.0]
[0;39m[31m2024-04-05 11:53:41,897[0;39m [32m[INFO][0;39m com.zaxxer.hikari.HikariDataSource main [32mHikariPool-1 - Starting...
[0;39m[31m2024-04-05 11:53:41,897[0;39m [32m[WARN][0;39m com.zaxxer.hikari.util.DriverDataSource main [32mRegistered driver with driverClassName=oracle.jdbc.driver.OracleDriver was not found, trying direct instantiation.
[0;39m[31m2024-04-05 11:53:43,570[0;39m [32m[INFO][0;39m com.zaxxer.hikari.pool.PoolBase main [32mHikariPool-1 - Driver does not support get/set network timeout for connections. (oracle.jdbc.driver.T4CConnection.getNetworkTimeout()I)
[0;39m[31m2024-04-05 11:53:43,596[0;39m [32m[INFO][0;39m com.zaxxer.hikari.HikariDataSource main [32mHikariPool-1 - Start completed.
[0;39m[31m2024-04-05 11:53:44,264[0;39m [32m[INFO][0;39m project.webservice.demo.EndPointTesting main [32mStarted EndPointTesting in 6.756 seconds (JVM running for 8.656)
[0;39m[31m2024-04-05 11:53:44,566[0;39m [32m[INFO][0;39m com.zaxxer.hikari.HikariDataSource SpringApplicationShutdownHook [32mHikariPool-1 - Shutdown initiated...
[0;39m[31m2024-04-05 11:53:44,590[0;39m [32m[INFO][0;39m com.zaxxer.hikari.HikariDataSource SpringApplicationShutdownHook [32mHikariPool-1 - Shutdown completed.
[0;39m[31m2024-04-05 13:01:59,623[0;39m [32m[INFO][0;39m project.webservice.demo.DemoApplication restartedMain [32mStarting DemoApplication using Java 1.8.0_292 on WPF45M1V0 with PID 24596 (C:\DLTE-JAVA-FULL-STACK-SINCHANAVENUGOPAL-2024\MyBank_Project\Webservices\target\classes started by xxvenugs in C:\DLTE-JAVA-FULL-STACK-SINCHANAVENUGOPAL-2024\MyBank_Project\Webservices)
[0;39m[31m2024-04-05 13:01:59,639[0;39m [32m[INFO][0;39m project.webservice.demo.DemoApplication restartedMain [32mNo active profile set, falling back to 1 default profile: "default"
[0;39m[31m2024-04-05 13:01:59,702[0;39m [32m[INFO][0;39m org.springframework.boot.devtools.restart.ChangeableUrls restartedMain [32mThe Class-Path manifest attribute in C:\Users\xxvenugs\.m2\repository\com\oracle\database\security\oraclepki\21.5.0.0\oraclepki-21.5.0.0.jar referenced one or more files that do not exist: file:/C:/Users/xxvenugs/.m2/repository/com/oracle/database/security/oraclepki/21.5.0.0/osdt_core.jar,file:/C:/Users/xxvenugs/.m2/repository/com/oracle/database/security/oraclepki/21.5.0.0/osdt_cert.jar,file:/C:/Users/xxvenugs/.m2/repository/com/oracle/database/security/oraclepki/oracle.osdt/osdt_core.jar,file:/C:/Users/xxvenugs/.m2/repository/com/oracle/database/security/oraclepki/oracle.osdt/osdt_cert.jar
[0;39m[31m2024-04-05 13:01:59,702[0;39m [32m[INFO][0;39m org.springframework.boot.devtools.env.DevToolsPropertyDefaultsPostProcessor restartedMain [32mDevtools property defaults active! Set 'spring.devtools.add-properties' to 'false' to disable
[0;39m[31m2024-04-05 13:01:59,702[0;39m [32m[INFO][0;39m org.springframework.boot.devtools.env.DevToolsPropertyDefaultsPostProcessor restartedMain [32mFor additional web related logging consider setting the 'logging.level.web' property to 'DEBUG'
[0;39m[31m2024-04-05 13:02:00,446[0;39m [32m[INFO][0;39m org.springframework.data.repository.config.RepositoryConfigurationDelegate restartedMain [32mBootstrapping Spring Data JDBC repositories in DEFAULT mode.
[0;39m[31m2024-04-05 13:02:00,456[0;39m [32m[INFO][0;39m org.springframework.data.repository.config.RepositoryConfigurationDelegate restartedMain [32mFinished Spring Data repository scanning in 5 ms. Found 0 JDBC repository interfaces.
[0;39m[31m2024-04-05 13:02:00,614[0;39m [32m[INFO][0;39m org.springframework.context.support.PostProcessorRegistrationDelegate$BeanPostProcessorChecker restartedMain [32mBean 'soapServiceConfiguration' of type [project.webservice.demo.configs.SoapServiceConfiguration$$EnhancerBySpringCGLIB$$dfbc4f4c] is not eligible for getting processed by all BeanPostProcessors (for example: not eligible for auto-proxying)
[0;39m[31m2024-04-05 13:02:00,614[0;39m [32m[INFO][0;39m org.springframework.context.support.PostProcessorRegistrationDelegate$BeanPostProcessorChecker restartedMain [32mBean 'org.springframework.ws.config.annotation.DelegatingWsConfiguration' of type [org.springframework.ws.config.annotation.DelegatingWsConfiguration$$EnhancerBySpringCGLIB$$9415756a] is not eligible for getting processed by all BeanPostProcessors (for example: not eligible for auto-proxying)
[0;39m[31m2024-04-05 13:02:00,662[0;39m [32m[INFO][0;39m org.springframework.ws.soap.addressing.server.AnnotationActionEndpointMapping restartedMain [32mSupporting [WS-Addressing August 2004, WS-Addressing 1.0]
[0;39m[31m2024-04-05 13:02:00,991[0;39m [32m[INFO][0;39m org.springframework.boot.web.embedded.tomcat.TomcatWebServer restartedMain [32mTomcat initialized with port(s): 8082 (http)
[0;39m[31m2024-04-05 13:02:00,991[0;39m [32m[INFO][0;39m org.apache.catalina.core.StandardService restartedMain [32mStarting service [Tomcat]
[0;39m[31m2024-04-05 13:02:00,991[0;39m [32m[INFO][0;39m org.apache.catalina.core.StandardEngine restartedMain [32mStarting Servlet engine: [Apache Tomcat/9.0.73]
[0;39m[31m2024-04-05 13:02:01,087[0;39m [32m[INFO][0;39m org.apache.catalina.core.ContainerBase.[Tomcat].[localhost].[/] restartedMain [32mInitializing Spring embedded WebApplicationContext
[0;39m[31m2024-04-05 13:02:01,087[0;39m [32m[INFO][0;39m org.springframework.boot.web.servlet.context.ServletWebServerApplicationContext restartedMain [32mRoot WebApplicationContext: initialization completed in 1385 ms
[0;39m[31m2024-04-05 13:02:01,625[0;39m [32m[INFO][0;39m com.zaxxer.hikari.HikariDataSource restartedMain [32mHikariPool-1 - Starting...
[0;39m[31m2024-04-05 13:02:01,625[0;39m [32m[WARN][0;39m com.zaxxer.hikari.util.DriverDataSource restartedMain [32mRegistered driver with driverClassName=oracle.jdbc.driver.OracleDriver was not found, trying direct instantiation.
[0;39m[31m2024-04-05 13:02:01,766[0;39m [32m[INFO][0;39m com.zaxxer.hikari.pool.PoolBase restartedMain [32mHikariPool-1 - Driver does not support get/set network timeout for connections. (oracle.jdbc.driver.T4CConnection.getNetworkTimeout()I)
[0;39m[31m2024-04-05 13:02:01,766[0;39m [32m[INFO][0;39m com.zaxxer.hikari.HikariDataSource restartedMain [32mHikariPool-1 - Start completed.
[0;39m[31m2024-04-05 13:02:01,876[0;39m [32m[INFO][0;39m org.springframework.boot.devtools.autoconfigure.OptionalLiveReloadServer restartedMain [32mLiveReload server is running on port 35729
[0;39m[31m2024-04-05 13:02:01,923[0;39m [32m[INFO][0;39m org.springframework.boot.web.embedded.tomcat.TomcatWebServer restartedMain [32mTomcat started on port(s): 8082 (http) with context path ''
[0;39m[31m2024-04-05 13:02:01,949[0;39m [32m[INFO][0;39m project.webservice.demo.DemoApplication restartedMain [32mStarted DemoApplication in 2.884 seconds (JVM running for 4.011)
[0;39m[31m2024-04-05 13:02:34,727[0;39m [32m[INFO][0;39m org.apache.catalina.core.ContainerBase.[Tomcat].[localhost].[/] http-nio-8082-exec-1 [32mInitializing Spring MessageDispatcherServlet 'messageDispatcherServlet'
[0;39m[31m2024-04-05 13:02:34,727[0;39m [32m[INFO][0;39m org.springframework.ws.transport.http.MessageDispatcherServlet http-nio-8082-exec-1 [32mInitializing Servlet 'messageDispatcherServlet'
[0;39m[31m2024-04-05 13:02:34,727[0;39m [32m[INFO][0;39m org.springframework.ws.soap.saaj.SaajSoapMessageFactory http-nio-8082-exec-1 [32mCreating SAAJ 1.3 MessageFactory with SOAP 1.1 Protocol
[0;39m[31m2024-04-05 13:02:34,758[0;39m [32m[INFO][0;39m org.springframework.ws.transport.http.MessageDispatcherServlet http-nio-8082-exec-1 [32mCompleted initialization in 31 ms
[0;39m[31m2024-04-05 13:04:47,515[0;39m [32m[INFO][0;39m project.webservice.demo.configs.SoapPhase http-nio-8082-exec-5 [32mfailure.fetch
[0;39m[31m2024-04-05 13:04:53,046[0;39m [32m[INFO][0;39m project.webservice.demo.configs.SoapPhase http-nio-8082-exec-6 [32mfailure.fetch
[0;39m[31m2024-04-05 13:04:58,262[0;39m [32m[INFO][0;39m project.webservice.demo.configs.SoapPhase http-nio-8082-exec-7 [32msuccess.fetch
[0;39m[31m2024-04-05 13:05:03,437[0;39m [32m[INFO][0;39m project.webservice.demo.configs.SoapPhase http-nio-8082-exec-8 [32mfailure.fetch
[0;39m[31m2024-04-05 13:05:12,667[0;39m [32m[INFO][0;39m project.webservice.demo.configs.SoapPhase http-nio-8082-exec-9 [32mfailure.fetch
[0;39m[31m2024-04-05 13:51:23,192[0;39m [32m[WARN][0;39m com.zaxxer.hikari.pool.HikariPool HikariPool-1 housekeeper [32mHikariPool-1 - Thread starvation or clock leap detected (housekeeper delta=46m21s251ms890µs200ns).
[0;39m[31m2024-04-05 13:55:05,911[0;39m [32m[INFO][0;39m org.springframework.boot.devtools.autoconfigure.LocalDevToolsAutoConfiguration$RestartingClassPathChangeChangedEventListener File Watcher [32mRestarting due to 13 class path changes (0 additions, 13 deletions, 0 modifications)
[0;39m[31m2024-04-05 13:55:06,140[0;39m [32m[INFO][0;39m org.apache.catalina.core.StandardService Thread-12 [32mStopping service [Tomcat]
[0;39m[31m2024-04-05 13:55:06,148[0;39m [32m[INFO][0;39m org.apache.catalina.core.ContainerBase.[Tomcat].[localhost].[/] Thread-12 [32mDestroying Spring FrameworkServlet 'messageDispatcherServlet'
[0;39m[31m2024-04-05 13:55:06,148[0;39m [32m[INFO][0;39m com.zaxxer.hikari.HikariDataSource Thread-12 [32mHikariPool-1 - Shutdown initiated...
[0;39m[31m2024-04-05 13:55:06,173[0;39m [32m[INFO][0;39m com.zaxxer.hikari.HikariDataSource Thread-12 [32mHikariPool-1 - Shutdown completed.
[0;39m[31m2024-04-05 13:55:06,430[0;39m [32m[INFO][0;39m project.webservice.demo.DemoApplication restartedMain [32mStarting DemoApplication using Java 1.8.0_292 on WPF45M1V0 with PID 24596 (C:\DLTE-JAVA-FULL-STACK-SINCHANAVENUGOPAL-2024\MyBank_Project\Webservices\target\classes started by xxvenugs in C:\DLTE-JAVA-FULL-STACK-SINCHANAVENUGOPAL-2024\MyBank_Project\Webservices)
[0;39m[31m2024-04-05 13:55:06,430[0;39m [32m[INFO][0;39m project.webservice.demo.DemoApplication restartedMain [32mNo active profile set, falling back to 1 default profile: "default"
[0;39m[31m2024-04-05 13:55:06,667[0;39m [32m[INFO][0;39m org.springframework.data.repository.config.RepositoryConfigurationDelegate restartedMain [32mBootstrapping Spring Data JDBC repositories in DEFAULT mode.
[0;39m[31m2024-04-05 13:55:06,669[0;39m [32m[INFO][0;39m org.springframework.data.repository.config.RepositoryConfigurationDelegate restartedMain [32mFinished Spring Data repository scanning in 0 ms. Found 0 JDBC repository interfaces.
[0;39m[31m2024-04-05 13:55:06,714[0;39m [32m[INFO][0;39m org.springframework.context.support.PostProcessorRegistrationDelegate$BeanPostProcessorChecker restartedMain [32mBean 'org.springframework.ws.config.annotation.DelegatingWsConfiguration' of type [org.springframework.ws.config.annotation.DelegatingWsConfiguration$$EnhancerBySpringCGLIB$$9415756a] is not eligible for getting processed by all BeanPostProcessors (for example: not eligible for auto-proxying)
[0;39m[31m2024-04-05 13:55:06,714[0;39m [32m[INFO][0;39m org.springframework.ws.soap.addressing.server.AnnotationActionEndpointMapping restartedMain [32mSupporting [WS-Addressing August 2004, WS-Addressing 1.0]
[0;39m[31m2024-04-05 13:55:06,778[0;39m [32m[INFO][0;39m org.springframework.boot.web.embedded.tomcat.TomcatWebServer restartedMain [32mTomcat initialized with port(s): 8082 (http)
[0;39m[31m2024-04-05 13:55:06,794[0;39m [32m[INFO][0;39m org.apache.catalina.core.StandardService restartedMain [32mStarting service [Tomcat]
[0;39m[31m2024-04-05 13:55:06,794[0;39m [32m[INFO][0;39m org.apache.catalina.core.StandardEngine restartedMain [32mStarting Servlet engine: [Apache Tomcat/9.0.73]
[0;39m[31m2024-04-05 13:55:06,809[0;39m [32m[INFO][0;39m org.apache.catalina.core.ContainerBase.[Tomcat].[localhost].[/] restartedMain [32mInitializing Spring embedded WebApplicationContext
[0;39m[31m2024-04-05 13:55:06,809[0;39m [32m[INFO][0;39m org.springframework.boot.web.servlet.context.ServletWebServerApplicationContext restartedMain [32mRoot WebApplicationContext: initialization completed in 379 ms
[0;39m[31m2024-04-05 13:55:06,983[0;39m [32m[INFO][0;39m com.zaxxer.hikari.HikariDataSource restartedMain [32mHikariPool-2 - Starting...
[0;39m[31m2024-04-05 13:55:06,983[0;39m [32m[WARN][0;39m com.zaxxer.hikari.util.DriverDataSource restartedMain [32mRegistered driver with driverClassName=oracle.jdbc.driver.OracleDriver was not found, trying direct instantiation.
[0;39m[31m2024-04-05 13:55:07,014[0;39m [32m[INFO][0;39m com.zaxxer.hikari.pool.PoolBase restartedMain [32mHikariPool-2 - Driver does not support get/set network timeout for connections. (oracle.jdbc.driver.T4CConnection.getNetworkTimeout()I)
[0;39m[31m2024-04-05 13:55:07,014[0;39m [32m[INFO][0;39m com.zaxxer.hikari.HikariDataSource restartedMain [32mHikariPool-2 - Start completed.
[0;39m[31m2024-04-05 13:55:07,046[0;39m [32m[INFO][0;39m org.springframework.boot.devtools.autoconfigure.OptionalLiveReloadServer restartedMain [32mLiveReload server is running on port 35729
[0;39m[31m2024-04-05 13:55:07,061[0;39m [32m[INFO][0;39m org.springframework.boot.web.embedded.tomcat.TomcatWebServer restartedMain [32mTomcat started on port(s): 8082 (http) with context path ''
[0;39m[31m2024-04-05 13:55:07,065[0;39m [32m[INFO][0;39m project.webservice.demo.DemoApplication restartedMain [32mStarted DemoApplication in 0.691 seconds (JVM running for 3189.128)
[0;39m[31m2024-04-05 13:55:07,065[0;39m [32m[INFO][0;39m org.springframework.boot.devtools.autoconfigure.ConditionEvaluationDeltaLoggingListener restartedMain [32mCondition evaluation delta:


==========================
CONDITION EVALUATION DELTA
==========================


Positive matches:
-----------------

   WebServicesAutoConfiguration matched:
      - @ConditionalOnClass found required class 'org.springframework.ws.transport.http.MessageDispatcherServlet' (OnClassCondition)
      - found 'session' scope (OnWebApplicationCondition)
      - @ConditionalOnMissingBean (types: org.springframework.ws.config.annotation.WsConfigurationSupport; SearchStrategy: all) did not find any beans (OnBeanCondition)


Negative matches:
-----------------

   WebServicesAutoConfiguration#wsdlDefinitionBeanFactoryPostProcessor:
      Did not match:
         - WSDL locations did not find property spring.webservices.wsdl-locations (OnWsdlLocationsCondition)


Exclusions:
-----------

    None


Unconditional classes:
----------------------

    None



[0;39m[31m2024-04-05 13:55:08,872[0;39m [32m[INFO][0;39m org.springframework.boot.devtools.autoconfigure.LocalDevToolsAutoConfiguration$RestartingClassPathChangeChangedEventListener File Watcher [32mRestarting due to 12 class path changes (12 additions, 0 deletions, 0 modifications)
[0;39m[31m2024-04-05 13:55:09,373[0;39m [32m[INFO][0;39m org.apache.catalina.core.StandardService Thread-23 [32mStopping service [Tomcat]
[0;39m[31m2024-04-05 13:55:09,379[0;39m [32m[INFO][0;39m com.zaxxer.hikari.HikariDataSource Thread-23 [32mHikariPool-2 - Shutdown initiated...
[0;39m[31m2024-04-05 13:55:09,395[0;39m [32m[INFO][0;39m com.zaxxer.hikari.HikariDataSource Thread-23 [32mHikariPool-2 - Shutdown completed.
[0;39m[31m2024-04-05 13:55:09,739[0;39m [32m[INFO][0;39m project.webservice.demo.DemoApplication restartedMain [32mStarting DemoApplication using Java 1.8.0_292 on WPF45M1V0 with PID 24596 (C:\DLTE-JAVA-FULL-STACK-SINCHANAVENUGOPAL-2024\MyBank_Project\Webservices\target\classes started by xxvenugs in C:\DLTE-JAVA-FULL-STACK-SINCHANAVENUGOPAL-2024\MyBank_Project\Webservices)
[0;39m[31m2024-04-05 13:55:09,739[0;39m [32m[INFO][0;39m project.webservice.demo.DemoApplication restartedMain [32mNo active profile set, falling back to 1 default profile: "default"
[0;39m[31m2024-04-05 13:55:09,896[0;39m [32m[INFO][0;39m org.springframework.data.repository.config.RepositoryConfigurationDelegate restartedMain [32mBootstrapping Spring Data JDBC repositories in DEFAULT mode.
[0;39m[31m2024-04-05 13:55:09,912[0;39m [32m[INFO][0;39m org.springframework.data.repository.config.RepositoryConfigurationDelegate restartedMain [32mFinished Spring Data repository scanning in 2 ms. Found 0 JDBC repository interfaces.
[0;39m[31m2024-04-05 13:55:09,943[0;39m [32m[INFO][0;39m org.springframework.context.support.PostProcessorRegistrationDelegate$BeanPostProcessorChecker restartedMain [32mBean 'soapServiceConfiguration' of type [project.webservice.demo.configs.SoapServiceConfiguration$$EnhancerBySpringCGLIB$$dfbc4f4c] is not eligible for getting processed by all BeanPostProcessors (for example: not eligible for auto-proxying)
[0;39m[31m2024-04-05 13:55:09,943[0;39m [32m[INFO][0;39m org.springframework.context.support.PostProcessorRegistrationDelegate$BeanPostProcessorChecker restartedMain [32mBean 'org.springframework.ws.config.annotation.DelegatingWsConfiguration' of type [org.springframework.ws.config.annotation.DelegatingWsConfiguration$$EnhancerBySpringCGLIB$$9415756a] is not eligible for getting processed by all BeanPostProcessors (for example: not eligible for auto-proxying)
[0;39m[31m2024-04-05 13:55:09,943[0;39m [32m[INFO][0;39m org.springframework.ws.soap.addressing.server.AnnotationActionEndpointMapping restartedMain [32mSupporting [WS-Addressing August 2004, WS-Addressing 1.0]
[0;39m[31m2024-04-05 13:55:09,991[0;39m [32m[INFO][0;39m org.springframework.boot.web.embedded.tomcat.TomcatWebServer restartedMain [32mTomcat initialized with port(s): 8082 (http)
[0;39m[31m2024-04-05 13:55:09,991[0;39m [32m[INFO][0;39m org.apache.catalina.core.StandardService restartedMain [32mStarting service [Tomcat]
[0;39m[31m2024-04-05 13:55:09,991[0;39m [32m[INFO][0;39m org.apache.catalina.core.StandardEngine restartedMain [32mStarting Servlet engine: [Apache Tomcat/9.0.73]
[0;39m[31m2024-04-05 13:55:10,006[0;39m [32m[INFO][0;39m org.apache.catalina.core.ContainerBase.[Tomcat].[localhost].[/] restartedMain [32mInitializing Spring embedded WebApplicationContext
[0;39m[31m2024-04-05 13:55:10,006[0;39m [32m[INFO][0;39m org.springframework.boot.web.servlet.context.ServletWebServerApplicationContext restartedMain [32mRoot WebApplicationContext: initialization completed in 267 ms
[0;39m[31m2024-04-05 13:55:10,132[0;39m [32m[INFO][0;39m com.zaxxer.hikari.HikariDataSource restartedMain [32mHikariPool-3 - Starting...
[0;39m[31m2024-04-05 13:55:10,132[0;39m [32m[WARN][0;39m com.zaxxer.hikari.util.DriverDataSource restartedMain [32mRegistered driver with driverClassName=oracle.jdbc.driver.OracleDriver was not found, trying direct instantiation.
[0;39m[31m2024-04-05 13:55:10,169[0;39m [32m[INFO][0;39m com.zaxxer.hikari.pool.PoolBase restartedMain [32mHikariPool-3 - Driver does not support get/set network timeout for connections. (oracle.jdbc.driver.T4CConnection.getNetworkTimeout()I)
[0;39m[31m2024-04-05 13:55:10,169[0;39m [32m[INFO][0;39m com.zaxxer.hikari.HikariDataSource restartedMain [32mHikariPool-3 - Start completed.
[0;39m[31m2024-04-05 13:55:10,181[0;39m [32m[INFO][0;39m org.springframework.boot.devtools.autoconfigure.OptionalLiveReloadServer restartedMain [32mLiveReload server is running on port 35729
[0;39m[31m2024-04-05 13:55:10,198[0;39m [32m[INFO][0;39m org.springframework.boot.web.embedded.tomcat.TomcatWebServer restartedMain [32mTomcat started on port(s): 8082 (http) with context path ''
[0;39m[31m2024-04-05 13:55:10,198[0;39m [32m[INFO][0;39m project.webservice.demo.DemoApplication restartedMain [32mStarted DemoApplication in 0.506 seconds (JVM running for 3192.267)
[0;39m[31m2024-04-05 13:55:10,198[0;39m [32m[INFO][0;39m org.springframework.boot.devtools.autoconfigure.ConditionEvaluationDeltaLoggingListener restartedMain [32mCondition evaluation delta:


==========================
CONDITION EVALUATION DELTA
==========================


Positive matches:
-----------------

    None


Negative matches:
-----------------

   WebServicesAutoConfiguration:
      Did not match:
         - @ConditionalOnMissingBean (types: org.springframework.ws.config.annotation.WsConfigurationSupport; SearchStrategy: all) found beans of type 'org.springframework.ws.config.annotation.WsConfigurationSupport' org.springframework.ws.config.annotation.DelegatingWsConfiguration (OnBeanCondition)
      Matched:
         - @ConditionalOnClass found required class 'org.springframework.ws.transport.http.MessageDispatcherServlet' (OnClassCondition)
         - found 'session' scope (OnWebApplicationCondition)


Exclusions:
-----------

    None


Unconditional classes:
----------------------

    None



[0;39m